<testsuites id="" name="" tests="48" failures="0" skipped="21" errors="0" time="24.628113999999997">
<testsuite name="admin\logs.spec.ts" timestamp="2026-01-06T21:30:21.102Z" hostname="chromium" tests="2" failures="0" skipped="0" time="14.609" errors="0">
<testcase name="Admin - Logs controls visibility › all floating labels and mat-labels are visible" classname="admin\logs.spec.ts" time="7.451">
</testcase>
<testcase name="Admin - Logs controls visibility › selects, inputs and action buttons are present and visible" classname="admin\logs.spec.ts" time="7.158">
</testcase>
</testsuite>
<testsuite name="admin-dashboard.spec.ts" timestamp="2026-01-06T21:30:21.102Z" hostname="chromium" tests="5" failures="0" skipped="0" time="32.368" errors="0">
<testcase name="Admin dashboard tabs › renders Overview tab" classname="admin-dashboard.spec.ts" time="6.206">
</testcase>
<testcase name="Admin dashboard tabs › renders Performance tab" classname="admin-dashboard.spec.ts" time="5.939">
</testcase>
<testcase name="Admin dashboard tabs › renders Security &amp; Access tab" classname="admin-dashboard.spec.ts" time="6.787">
</testcase>
<testcase name="Admin dashboard tabs › renders Logs tab" classname="admin-dashboard.spec.ts" time="5.891">
</testcase>
<testcase name="Admin dashboard tabs › cycles through tabs in sequence" classname="admin-dashboard.spec.ts" time="7.545">
</testcase>
</testsuite>
<testsuite name="portfolio.spec.ts" timestamp="2026-01-06T21:30:21.102Z" hostname="chromium" tests="1" failures="0" skipped="0" time="4.953" errors="0">
<testcase name="displays portfolio title" classname="portfolio.spec.ts" time="4.953">
</testcase>
</testsuite>
<testsuite name="admin\logs.spec.ts" timestamp="2026-01-06T21:30:21.102Z" hostname="firefox" tests="2" failures="0" skipped="0" time="16.868" errors="0">
<testcase name="Admin - Logs controls visibility › all floating labels and mat-labels are visible" classname="admin\logs.spec.ts" time="8.836">
</testcase>
<testcase name="Admin - Logs controls visibility › selects, inputs and action buttons are present and visible" classname="admin\logs.spec.ts" time="8.032">
</testcase>
</testsuite>
<testsuite name="admin-dashboard.spec.ts" timestamp="2026-01-06T21:30:21.102Z" hostname="firefox" tests="5" failures="0" skipped="0" time="40.546" errors="0">
<testcase name="Admin dashboard tabs › renders Overview tab" classname="admin-dashboard.spec.ts" time="7.22">
</testcase>
<testcase name="Admin dashboard tabs › renders Performance tab" classname="admin-dashboard.spec.ts" time="7.813">
</testcase>
<testcase name="Admin dashboard tabs › renders Security &amp; Access tab" classname="admin-dashboard.spec.ts" time="7.881">
</testcase>
<testcase name="Admin dashboard tabs › renders Logs tab" classname="admin-dashboard.spec.ts" time="7.935">
</testcase>
<testcase name="Admin dashboard tabs › cycles through tabs in sequence" classname="admin-dashboard.spec.ts" time="9.697">
</testcase>
</testsuite>
<testsuite name="portfolio.spec.ts" timestamp="2026-01-06T21:30:21.102Z" hostname="firefox" tests="1" failures="0" skipped="0" time="5.835" errors="0">
<testcase name="displays portfolio title" classname="portfolio.spec.ts" time="5.835">
</testcase>
</testsuite>
<testsuite name="admin\logs.spec.ts" timestamp="2026-01-06T21:30:21.102Z" hostname="webkit" tests="2" failures="0" skipped="0" time="18.641" errors="0">
<testcase name="Admin - Logs controls visibility › all floating labels and mat-labels are visible" classname="admin\logs.spec.ts" time="9.395">
</testcase>
<testcase name="Admin - Logs controls visibility › selects, inputs and action buttons are present and visible" classname="admin\logs.spec.ts" time="9.246">
</testcase>
</testsuite>
<testsuite name="admin-dashboard.spec.ts" timestamp="2026-01-06T21:30:21.102Z" hostname="webkit" tests="5" failures="0" skipped="0" time="39.939" errors="0">
<testcase name="Admin dashboard tabs › renders Overview tab" classname="admin-dashboard.spec.ts" time="7.65">
</testcase>
<testcase name="Admin dashboard tabs › renders Performance tab" classname="admin-dashboard.spec.ts" time="7.014">
</testcase>
<testcase name="Admin dashboard tabs › renders Security &amp; Access tab" classname="admin-dashboard.spec.ts" time="7.514">
</testcase>
<testcase name="Admin dashboard tabs › renders Logs tab" classname="admin-dashboard.spec.ts" time="8.184">
</testcase>
<testcase name="Admin dashboard tabs › cycles through tabs in sequence" classname="admin-dashboard.spec.ts" time="9.577">
</testcase>
</testsuite>
<testsuite name="portfolio.spec.ts" timestamp="2026-01-06T21:30:21.102Z" hostname="webkit" tests="1" failures="0" skipped="0" time="4.933" errors="0">
<testcase name="displays portfolio title" classname="portfolio.spec.ts" time="4.933">
</testcase>
</testsuite>
<testsuite name="admin\logs.spec.ts" timestamp="2026-01-06T21:30:21.102Z" hostname="mobile-chrome" tests="2" failures="0" skipped="2" time="0" errors="0">
<testcase name="Admin - Logs controls visibility › all floating labels and mat-labels are visible" classname="admin\logs.spec.ts" time="0">
<properties>
<property name="skip" value="">
</property>
</properties>
<skipped>
</skipped>
</testcase>
<testcase name="Admin - Logs controls visibility › selects, inputs and action buttons are present and visible" classname="admin\logs.spec.ts" time="0">
<properties>
<property name="skip" value="">
</property>
</properties>
<skipped>
</skipped>
</testcase>
</testsuite>
<testsuite name="admin-dashboard.spec.ts" timestamp="2026-01-06T21:30:21.102Z" hostname="mobile-chrome" tests="5" failures="0" skipped="5" time="0" errors="0">
<testcase name="Admin dashboard tabs › renders Overview tab" classname="admin-dashboard.spec.ts" time="0">
<properties>
<property name="skip" value="">
</property>
</properties>
<skipped>
</skipped>
</testcase>
<testcase name="Admin dashboard tabs › renders Performance tab" classname="admin-dashboard.spec.ts" time="0">
<properties>
<property name="skip" value="">
</property>
</properties>
<skipped>
</skipped>
</testcase>
<testcase name="Admin dashboard tabs › renders Security &amp; Access tab" classname="admin-dashboard.spec.ts" time="0">
<properties>
<property name="skip" value="">
</property>
</properties>
<skipped>
</skipped>
</testcase>
<testcase name="Admin dashboard tabs › renders Logs tab" classname="admin-dashboard.spec.ts" time="0">
<properties>
<property name="skip" value="">
</property>
</properties>
<skipped>
</skipped>
</testcase>
<testcase name="Admin dashboard tabs › cycles through tabs in sequence" classname="admin-dashboard.spec.ts" time="0">
<properties>
<property name="skip" value="">
</property>
</properties>
<skipped>
</skipped>
</testcase>
</testsuite>
<testsuite name="portfolio.spec.ts" timestamp="2026-01-06T21:30:21.102Z" hostname="mobile-chrome" tests="1" failures="0" skipped="0" time="1.169" errors="0">
<testcase name="displays portfolio title" classname="portfolio.spec.ts" time="1.169">
</testcase>
</testsuite>
<testsuite name="admin\logs.spec.ts" timestamp="2026-01-06T21:30:21.102Z" hostname="mobile-safari" tests="2" failures="0" skipped="2" time="0" errors="0">
<testcase name="Admin - Logs controls visibility › all floating labels and mat-labels are visible" classname="admin\logs.spec.ts" time="0">
<properties>
<property name="skip" value="">
</property>
</properties>
<skipped>
</skipped>
</testcase>
<testcase name="Admin - Logs controls visibility › selects, inputs and action buttons are present and visible" classname="admin\logs.spec.ts" time="0">
<properties>
<property name="skip" value="">
</property>
</properties>
<skipped>
</skipped>
</testcase>
</testsuite>
<testsuite name="admin-dashboard.spec.ts" timestamp="2026-01-06T21:30:21.102Z" hostname="mobile-safari" tests="5" failures="0" skipped="5" time="0" errors="0">
<testcase name="Admin dashboard tabs › renders Overview tab" classname="admin-dashboard.spec.ts" time="0">
<properties>
<property name="skip" value="">
</property>
</properties>
<skipped>
</skipped>
</testcase>
<testcase name="Admin dashboard tabs › renders Performance tab" classname="admin-dashboard.spec.ts" time="0">
<properties>
<property name="skip" value="">
</property>
</properties>
<skipped>
</skipped>
</testcase>
<testcase name="Admin dashboard tabs › renders Security &amp; Access tab" classname="admin-dashboard.spec.ts" time="0">
<properties>
<property name="skip" value="">
</property>
</properties>
<skipped>
</skipped>
</testcase>
<testcase name="Admin dashboard tabs › renders Logs tab" classname="admin-dashboard.spec.ts" time="0">
<properties>
<property name="skip" value="">
</property>
</properties>
<skipped>
</skipped>
</testcase>
<testcase name="Admin dashboard tabs › cycles through tabs in sequence" classname="admin-dashboard.spec.ts" time="0">
<properties>
<property name="skip" value="">
</property>
</properties>
<skipped>
</skipped>
</testcase>
</testsuite>
<testsuite name="portfolio.spec.ts" timestamp="2026-01-06T21:30:21.102Z" hostname="mobile-safari" tests="1" failures="0" skipped="0" time="1.497" errors="0">
<testcase name="displays portfolio title" classname="portfolio.spec.ts" time="1.497">
</testcase>
</testsuite>
<testsuite name="admin\logs.spec.ts" timestamp="2026-01-06T21:30:21.102Z" hostname="tablet" tests="2" failures="0" skipped="2" time="0" errors="0">
<testcase name="Admin - Logs controls visibility › all floating labels and mat-labels are visible" classname="admin\logs.spec.ts" time="0">
<properties>
<property name="skip" value="">
</property>
</properties>
<skipped>
</skipped>
</testcase>
<testcase name="Admin - Logs controls visibility › selects, inputs and action buttons are present and visible" classname="admin\logs.spec.ts" time="0">
<properties>
<property name="skip" value="">
</property>
</properties>
<skipped>
</skipped>
</testcase>
</testsuite>
<testsuite name="admin-dashboard.spec.ts" timestamp="2026-01-06T21:30:21.102Z" hostname="tablet" tests="5" failures="0" skipped="5" time="0" errors="0">
<testcase name="Admin dashboard tabs › renders Overview tab" classname="admin-dashboard.spec.ts" time="0">
<properties>
<property name="skip" value="">
</property>
</properties>
<skipped>
</skipped>
</testcase>
<testcase name="Admin dashboard tabs › renders Performance tab" classname="admin-dashboard.spec.ts" time="0">
<properties>
<property name="skip" value="">
</property>
</properties>
<skipped>
</skipped>
</testcase>
<testcase name="Admin dashboard tabs › renders Security &amp; Access tab" classname="admin-dashboard.spec.ts" time="0">
<properties>
<property name="skip" value="">
</property>
</properties>
<skipped>
</skipped>
</testcase>
<testcase name="Admin dashboard tabs › renders Logs tab" classname="admin-dashboard.spec.ts" time="0">
<properties>
<property name="skip" value="">
</property>
</properties>
<skipped>
</skipped>
</testcase>
<testcase name="Admin dashboard tabs › cycles through tabs in sequence" classname="admin-dashboard.spec.ts" time="0">
<properties>
<property name="skip" value="">
</property>
</properties>
<skipped>
</skipped>
</testcase>
</testsuite>
<testsuite name="portfolio.spec.ts" timestamp="2026-01-06T21:30:21.102Z" hostname="tablet" tests="1" failures="0" skipped="0" time="1.4" errors="0">
<testcase name="displays portfolio title" classname="portfolio.spec.ts" time="1.4">
</testcase>
</testsuite>
</testsuites>