<testsuites id="" name="" tests="54" failures="0" skipped="24" errors="0" time="27.729362">
<testsuite name="admin\logs.spec.ts" timestamp="2026-01-08T01:38:46.852Z" hostname="chromium" tests="2" failures="0" skipped="0" time="8.95" errors="0">
<testcase name="Admin - Logs controls visibility › all floating labels and mat-labels are visible" classname="admin\logs.spec.ts" time="4.463">
</testcase>
<testcase name="Admin - Logs controls visibility › selects, inputs and action buttons are present and visible" classname="admin\logs.spec.ts" time="4.487">
</testcase>
</testsuite>
<testsuite name="admin-dashboard.spec.ts" timestamp="2026-01-08T01:38:46.852Z" hostname="chromium" tests="5" failures="0" skipped="0" time="22.434" errors="0">
<testcase name="Admin dashboard tabs › renders Overview tab" classname="admin-dashboard.spec.ts" time="4.222">
</testcase>
<testcase name="Admin dashboard tabs › renders Performance tab" classname="admin-dashboard.spec.ts" time="4.195">
</testcase>
<testcase name="Admin dashboard tabs › renders Security &amp; Access tab" classname="admin-dashboard.spec.ts" time="4.231">
</testcase>
<testcase name="Admin dashboard tabs › renders Logs tab" classname="admin-dashboard.spec.ts" time="4.235">
</testcase>
<testcase name="Admin dashboard tabs › cycles through tabs in sequence" classname="admin-dashboard.spec.ts" time="5.551">
</testcase>
</testsuite>
<testsuite name="portfolio.spec.ts" timestamp="2026-01-08T01:38:46.852Z" hostname="chromium" tests="1" failures="0" skipped="0" time="2.011" errors="0">
<testcase name="displays portfolio title" classname="portfolio.spec.ts" time="2.011">
</testcase>
</testsuite>
<testsuite name="timeline.spec.ts" timestamp="2026-01-08T01:38:46.852Z" hostname="chromium" tests="1" failures="0" skipped="0" time="4.897" errors="0">
<testcase name="Timeline experience › expands an event card when Read more is clicked" classname="timeline.spec.ts" time="4.897">
</testcase>
</testsuite>
<testsuite name="admin\logs.spec.ts" timestamp="2026-01-08T01:38:46.852Z" hostname="firefox" tests="2" failures="0" skipped="0" time="16.689" errors="0">
<testcase name="Admin - Logs controls visibility › all floating labels and mat-labels are visible" classname="admin\logs.spec.ts" time="8.548">
</testcase>
<testcase name="Admin - Logs controls visibility › selects, inputs and action buttons are present and visible" classname="admin\logs.spec.ts" time="8.141">
</testcase>
</testsuite>
<testsuite name="admin-dashboard.spec.ts" timestamp="2026-01-08T01:38:46.852Z" hostname="firefox" tests="5" failures="0" skipped="0" time="41.709" errors="0">
<testcase name="Admin dashboard tabs › renders Overview tab" classname="admin-dashboard.spec.ts" time="7.994">
</testcase>
<testcase name="Admin dashboard tabs › renders Performance tab" classname="admin-dashboard.spec.ts" time="7.554">
</testcase>
<testcase name="Admin dashboard tabs › renders Security &amp; Access tab" classname="admin-dashboard.spec.ts" time="7.992">
</testcase>
<testcase name="Admin dashboard tabs › renders Logs tab" classname="admin-dashboard.spec.ts" time="7.648">
</testcase>
<testcase name="Admin dashboard tabs › cycles through tabs in sequence" classname="admin-dashboard.spec.ts" time="10.521">
</testcase>
</testsuite>
<testsuite name="portfolio.spec.ts" timestamp="2026-01-08T01:38:46.852Z" hostname="firefox" tests="1" failures="0" skipped="0" time="5.455" errors="0">
<testcase name="displays portfolio title" classname="portfolio.spec.ts" time="5.455">
</testcase>
</testsuite>
<testsuite name="timeline.spec.ts" timestamp="2026-01-08T01:38:46.852Z" hostname="firefox" tests="1" failures="0" skipped="0" time="8.713" errors="0">
<testcase name="Timeline experience › expands an event card when Read more is clicked" classname="timeline.spec.ts" time="8.713">
</testcase>
</testsuite>
<testsuite name="admin\logs.spec.ts" timestamp="2026-01-08T01:38:46.852Z" hostname="webkit" tests="2" failures="0" skipped="0" time="20.028" errors="0">
<testcase name="Admin - Logs controls visibility › all floating labels and mat-labels are visible" classname="admin\logs.spec.ts" time="10.061">
</testcase>
<testcase name="Admin - Logs controls visibility › selects, inputs and action buttons are present and visible" classname="admin\logs.spec.ts" time="9.967">
</testcase>
</testsuite>
<testsuite name="admin-dashboard.spec.ts" timestamp="2026-01-08T01:38:46.852Z" hostname="webkit" tests="5" failures="0" skipped="0" time="32.82" errors="0">
<testcase name="Admin dashboard tabs › renders Overview tab" classname="admin-dashboard.spec.ts" time="7.82">
</testcase>
<testcase name="Admin dashboard tabs › renders Performance tab" classname="admin-dashboard.spec.ts" time="6.699">
</testcase>
<testcase name="Admin dashboard tabs › renders Security &amp; Access tab" classname="admin-dashboard.spec.ts" time="5.57">
</testcase>
<testcase name="Admin dashboard tabs › renders Logs tab" classname="admin-dashboard.spec.ts" time="5.544">
</testcase>
<testcase name="Admin dashboard tabs › cycles through tabs in sequence" classname="admin-dashboard.spec.ts" time="7.187">
</testcase>
</testsuite>
<testsuite name="portfolio.spec.ts" timestamp="2026-01-08T01:38:46.852Z" hostname="webkit" tests="1" failures="0" skipped="0" time="3.307" errors="0">
<testcase name="displays portfolio title" classname="portfolio.spec.ts" time="3.307">
</testcase>
</testsuite>
<testsuite name="timeline.spec.ts" timestamp="2026-01-08T01:38:46.852Z" hostname="webkit" tests="1" failures="0" skipped="0" time="8.594" errors="0">
<testcase name="Timeline experience › expands an event card when Read more is clicked" classname="timeline.spec.ts" time="8.594">
</testcase>
</testsuite>
<testsuite name="admin\logs.spec.ts" timestamp="2026-01-08T01:38:46.852Z" hostname="mobile-chrome" tests="2" failures="0" skipped="2" time="0" errors="0">
<testcase name="Admin - Logs controls visibility › all floating labels and mat-labels are visible" classname="admin\logs.spec.ts" time="0">
<properties>
<property name="skip" value="">
</property>
</properties>
<skipped>
</skipped>
</testcase>
<testcase name="Admin - Logs controls visibility › selects, inputs and action buttons are present and visible" classname="admin\logs.spec.ts" time="0">
<properties>
<property name="skip" value="">
</property>
</properties>
<skipped>
</skipped>
</testcase>
</testsuite>
<testsuite name="admin-dashboard.spec.ts" timestamp="2026-01-08T01:38:46.852Z" hostname="mobile-chrome" tests="5" failures="0" skipped="5" time="0" errors="0">
<testcase name="Admin dashboard tabs › renders Overview tab" classname="admin-dashboard.spec.ts" time="0">
<properties>
<property name="skip" value="">
</property>
</properties>
<skipped>
</skipped>
</testcase>
<testcase name="Admin dashboard tabs › renders Performance tab" classname="admin-dashboard.spec.ts" time="0">
<properties>
<property name="skip" value="">
</property>
</properties>
<skipped>
</skipped>
</testcase>
<testcase name="Admin dashboard tabs › renders Security &amp; Access tab" classname="admin-dashboard.spec.ts" time="0">
<properties>
<property name="skip" value="">
</property>
</properties>
<skipped>
</skipped>
</testcase>
<testcase name="Admin dashboard tabs › renders Logs tab" classname="admin-dashboard.spec.ts" time="0">
<properties>
<property name="skip" value="">
</property>
</properties>
<skipped>
</skipped>
</testcase>
<testcase name="Admin dashboard tabs › cycles through tabs in sequence" classname="admin-dashboard.spec.ts" time="0">
<properties>
<property name="skip" value="">
</property>
</properties>
<skipped>
</skipped>
</testcase>
</testsuite>
<testsuite name="portfolio.spec.ts" timestamp="2026-01-08T01:38:46.852Z" hostname="mobile-chrome" tests="1" failures="0" skipped="0" time="1.441" errors="0">
<testcase name="displays portfolio title" classname="portfolio.spec.ts" time="1.441">
</testcase>
</testsuite>
<testsuite name="timeline.spec.ts" timestamp="2026-01-08T01:38:46.852Z" hostname="mobile-chrome" tests="1" failures="0" skipped="1" time="0" errors="0">
<testcase name="Timeline experience › expands an event card when Read more is clicked" classname="timeline.spec.ts" time="0">
<properties>
<property name="skip" value="">
</property>
</properties>
<skipped>
</skipped>
</testcase>
</testsuite>
<testsuite name="admin\logs.spec.ts" timestamp="2026-01-08T01:38:46.852Z" hostname="mobile-safari" tests="2" failures="0" skipped="2" time="0.001" errors="0">
<testcase name="Admin - Logs controls visibility › all floating labels and mat-labels are visible" classname="admin\logs.spec.ts" time="0">
<properties>
<property name="skip" value="">
</property>
</properties>
<skipped>
</skipped>
</testcase>
<testcase name="Admin - Logs controls visibility › selects, inputs and action buttons are present and visible" classname="admin\logs.spec.ts" time="0.001">
<properties>
<property name="skip" value="">
</property>
</properties>
<skipped>
</skipped>
</testcase>
</testsuite>
<testsuite name="admin-dashboard.spec.ts" timestamp="2026-01-08T01:38:46.852Z" hostname="mobile-safari" tests="5" failures="0" skipped="5" time="0" errors="0">
<testcase name="Admin dashboard tabs › renders Overview tab" classname="admin-dashboard.spec.ts" time="0">
<properties>
<property name="skip" value="">
</property>
</properties>
<skipped>
</skipped>
</testcase>
<testcase name="Admin dashboard tabs › renders Performance tab" classname="admin-dashboard.spec.ts" time="0">
<properties>
<property name="skip" value="">
</property>
</properties>
<skipped>
</skipped>
</testcase>
<testcase name="Admin dashboard tabs › renders Security &amp; Access tab" classname="admin-dashboard.spec.ts" time="0">
<properties>
<property name="skip" value="">
</property>
</properties>
<skipped>
</skipped>
</testcase>
<testcase name="Admin dashboard tabs › renders Logs tab" classname="admin-dashboard.spec.ts" time="0">
<properties>
<property name="skip" value="">
</property>
</properties>
<skipped>
</skipped>
</testcase>
<testcase name="Admin dashboard tabs › cycles through tabs in sequence" classname="admin-dashboard.spec.ts" time="0">
<properties>
<property name="skip" value="">
</property>
</properties>
<skipped>
</skipped>
</testcase>
</testsuite>
<testsuite name="portfolio.spec.ts" timestamp="2026-01-08T01:38:46.852Z" hostname="mobile-safari" tests="1" failures="0" skipped="0" time="2.436" errors="0">
<testcase name="displays portfolio title" classname="portfolio.spec.ts" time="2.436">
</testcase>
</testsuite>
<testsuite name="timeline.spec.ts" timestamp="2026-01-08T01:38:46.852Z" hostname="mobile-safari" tests="1" failures="0" skipped="1" time="0" errors="0">
<testcase name="Timeline experience › expands an event card when Read more is clicked" classname="timeline.spec.ts" time="0">
<properties>
<property name="skip" value="">
</property>
</properties>
<skipped>
</skipped>
</testcase>
</testsuite>
<testsuite name="admin\logs.spec.ts" timestamp="2026-01-08T01:38:46.852Z" hostname="tablet" tests="2" failures="0" skipped="2" time="0" errors="0">
<testcase name="Admin - Logs controls visibility › all floating labels and mat-labels are visible" classname="admin\logs.spec.ts" time="0">
<properties>
<property name="skip" value="">
</property>
</properties>
<skipped>
</skipped>
</testcase>
<testcase name="Admin - Logs controls visibility › selects, inputs and action buttons are present and visible" classname="admin\logs.spec.ts" time="0">
<properties>
<property name="skip" value="">
</property>
</properties>
<skipped>
</skipped>
</testcase>
</testsuite>
<testsuite name="admin-dashboard.spec.ts" timestamp="2026-01-08T01:38:46.852Z" hostname="tablet" tests="5" failures="0" skipped="5" time="0" errors="0">
<testcase name="Admin dashboard tabs › renders Overview tab" classname="admin-dashboard.spec.ts" time="0">
<properties>
<property name="skip" value="">
</property>
</properties>
<skipped>
</skipped>
</testcase>
<testcase name="Admin dashboard tabs › renders Performance tab" classname="admin-dashboard.spec.ts" time="0">
<properties>
<property name="skip" value="">
</property>
</properties>
<skipped>
</skipped>
</testcase>
<testcase name="Admin dashboard tabs › renders Security &amp; Access tab" classname="admin-dashboard.spec.ts" time="0">
<properties>
<property name="skip" value="">
</property>
</properties>
<skipped>
</skipped>
</testcase>
<testcase name="Admin dashboard tabs › renders Logs tab" classname="admin-dashboard.spec.ts" time="0">
<properties>
<property name="skip" value="">
</property>
</properties>
<skipped>
</skipped>
</testcase>
<testcase name="Admin dashboard tabs › cycles through tabs in sequence" classname="admin-dashboard.spec.ts" time="0">
<properties>
<property name="skip" value="">
</property>
</properties>
<skipped>
</skipped>
</testcase>
</testsuite>
<testsuite name="portfolio.spec.ts" timestamp="2026-01-08T01:38:46.852Z" hostname="tablet" tests="1" failures="0" skipped="0" time="1.887" errors="0">
<testcase name="displays portfolio title" classname="portfolio.spec.ts" time="1.887">
</testcase>
</testsuite>
<testsuite name="timeline.spec.ts" timestamp="2026-01-08T01:38:46.852Z" hostname="tablet" tests="1" failures="0" skipped="1" time="0" errors="0">
<testcase name="Timeline experience › expands an event card when Read more is clicked" classname="timeline.spec.ts" time="0">
<properties>
<property name="skip" value="">
</property>
</properties>
<skipped>
</skipped>
</testcase>
</testsuite>
</testsuites>