<testsuites id="" name="" tests="150" failures="50" skipped="24" errors="0" time="321.592964">
<testsuite name="admin\logs.spec.ts" timestamp="2026-01-09T02:59:25.254Z" hostname="chromium" tests="2" failures="2" skipped="0" time="149.159" errors="0">
<testcase name="Admin - Logs controls visibility › all floating labels and mat-labels are visible" classname="admin\logs.spec.ts" time="74.234">
<failure message="logs.spec.ts:21:7 all floating labels and mat-labels are visible" type="FAILURE">
<![CDATA[  [chromium] › admin\logs.spec.ts:21:7 › Admin - Logs controls visibility › all floating labels and mat-labels are visible 

    TimeoutError: page.waitForSelector: Timeout 30000ms exceeded.
    Call log:
      - waiting for locator('text=System Administration') to be visible


      11 |   test.beforeEach(async ({ page }) => {
      12 |     await loginAsAdmin(page, '/admin');
    > 13 |     await page.waitForSelector('text=System Administration', { timeout: 30000 });
         |                ^
      14 |
      15 |     const logsTab = page.getByRole('tab', { name: 'Logs' });
      16 |     await expect(logsTab).toBeVisible({ timeout: 5000 });
        at C:\repos\craft-fusion\apps\craft-web-e2e\src\admin\logs.spec.ts:13:16

    attachment #1: screenshot (image/png) ──────────────────────────────────────────────────────────
    ..\playwright\test-results\admin-logs-Admin---Logs-co-de25e--and-mat-labels-are-visible-chromium\test-failed-1.png
    ────────────────────────────────────────────────────────────────────────────────────────────────

    attachment #2: video (video/webm) ──────────────────────────────────────────────────────────────
    ..\playwright\test-results\admin-logs-Admin---Logs-co-de25e--and-mat-labels-are-visible-chromium\video.webm
    ────────────────────────────────────────────────────────────────────────────────────────────────

    Error Context: ..\playwright\test-results\admin-logs-Admin---Logs-co-de25e--and-mat-labels-are-visible-chromium\error-context.md

    attachment #4: trace (application/zip) ─────────────────────────────────────────────────────────
    ..\playwright\test-results\admin-logs-Admin---Logs-co-de25e--and-mat-labels-are-visible-chromium\trace.zip
    Usage:

        npx playwright show-trace ..\playwright\test-results\admin-logs-Admin---Logs-co-de25e--and-mat-labels-are-visible-chromium\trace.zip

    ────────────────────────────────────────────────────────────────────────────────────────────────

    Retry #1 ───────────────────────────────────────────────────────────────────────────────────────

    TimeoutError: page.waitForSelector: Timeout 30000ms exceeded.
    Call log:
      - waiting for locator('text=System Administration') to be visible


      11 |   test.beforeEach(async ({ page }) => {
      12 |     await loginAsAdmin(page, '/admin');
    > 13 |     await page.waitForSelector('text=System Administration', { timeout: 30000 });
         |                ^
      14 |
      15 |     const logsTab = page.getByRole('tab', { name: 'Logs' });
      16 |     await expect(logsTab).toBeVisible({ timeout: 5000 });
        at C:\repos\craft-fusion\apps\craft-web-e2e\src\admin\logs.spec.ts:13:16

    attachment #1: screenshot (image/png) ──────────────────────────────────────────────────────────
    ..\playwright\test-results\admin-logs-Admin---Logs-co-de25e--and-mat-labels-are-visible-chromium-retry1\test-failed-1.png
    ────────────────────────────────────────────────────────────────────────────────────────────────

    attachment #2: video (video/webm) ──────────────────────────────────────────────────────────────
    ..\playwright\test-results\admin-logs-Admin---Logs-co-de25e--and-mat-labels-are-visible-chromium-retry1\video.webm
    ────────────────────────────────────────────────────────────────────────────────────────────────

    Error Context: ..\playwright\test-results\admin-logs-Admin---Logs-co-de25e--and-mat-labels-are-visible-chromium-retry1\error-context.md

    attachment #4: trace (application/zip) ─────────────────────────────────────────────────────────
    ..\playwright\test-results\admin-logs-Admin---Logs-co-de25e--and-mat-labels-are-visible-chromium-retry1\trace.zip
    Usage:

        npx playwright show-trace ..\playwright\test-results\admin-logs-Admin---Logs-co-de25e--and-mat-labels-are-visible-chromium-retry1\trace.zip

    ────────────────────────────────────────────────────────────────────────────────────────────────
]]>
</failure>
<system-out>
<![CDATA[
[[ATTACHMENT|..\playwright\test-results\admin-logs-Admin---Logs-co-de25e--and-mat-labels-are-visible-chromium\test-failed-1.png]]

[[ATTACHMENT|..\playwright\test-results\admin-logs-Admin---Logs-co-de25e--and-mat-labels-are-visible-chromium\video.webm]]

[[ATTACHMENT|..\playwright\test-results\admin-logs-Admin---Logs-co-de25e--and-mat-labels-are-visible-chromium\error-context.md]]

[[ATTACHMENT|..\playwright\test-results\admin-logs-Admin---Logs-co-de25e--and-mat-labels-are-visible-chromium\trace.zip]]

[[ATTACHMENT|..\playwright\test-results\admin-logs-Admin---Logs-co-de25e--and-mat-labels-are-visible-chromium-retry1\test-failed-1.png]]

[[ATTACHMENT|..\playwright\test-results\admin-logs-Admin---Logs-co-de25e--and-mat-labels-are-visible-chromium-retry1\video.webm]]

[[ATTACHMENT|..\playwright\test-results\admin-logs-Admin---Logs-co-de25e--and-mat-labels-are-visible-chromium-retry1\error-context.md]]

[[ATTACHMENT|..\playwright\test-results\admin-logs-Admin---Logs-co-de25e--and-mat-labels-are-visible-chromium-retry1\trace.zip]]
]]>
</system-out>
</testcase>
<testcase name="Admin - Logs controls visibility › selects, inputs and action buttons are present and visible" classname="admin\logs.spec.ts" time="74.925">
<failure message="logs.spec.ts:30:7 selects, inputs and action buttons are present and visible" type="FAILURE">
<![CDATA[  [chromium] › admin\logs.spec.ts:30:7 › Admin - Logs controls visibility › selects, inputs and action buttons are present and visible 

    TimeoutError: page.waitForSelector: Timeout 30000ms exceeded.
    Call log:
      - waiting for locator('text=System Administration') to be visible


      11 |   test.beforeEach(async ({ page }) => {
      12 |     await loginAsAdmin(page, '/admin');
    > 13 |     await page.waitForSelector('text=System Administration', { timeout: 30000 });
         |                ^
      14 |
      15 |     const logsTab = page.getByRole('tab', { name: 'Logs' });
      16 |     await expect(logsTab).toBeVisible({ timeout: 5000 });
        at C:\repos\craft-fusion\apps\craft-web-e2e\src\admin\logs.spec.ts:13:16

    attachment #1: screenshot (image/png) ──────────────────────────────────────────────────────────
    ..\playwright\test-results\admin-logs-Admin---Logs-co-985aa-ons-are-present-and-visible-chromium\test-failed-1.png
    ────────────────────────────────────────────────────────────────────────────────────────────────

    attachment #2: video (video/webm) ──────────────────────────────────────────────────────────────
    ..\playwright\test-results\admin-logs-Admin---Logs-co-985aa-ons-are-present-and-visible-chromium\video.webm
    ────────────────────────────────────────────────────────────────────────────────────────────────

    Error Context: ..\playwright\test-results\admin-logs-Admin---Logs-co-985aa-ons-are-present-and-visible-chromium\error-context.md

    attachment #4: trace (application/zip) ─────────────────────────────────────────────────────────
    ..\playwright\test-results\admin-logs-Admin---Logs-co-985aa-ons-are-present-and-visible-chromium\trace.zip
    Usage:

        npx playwright show-trace ..\playwright\test-results\admin-logs-Admin---Logs-co-985aa-ons-are-present-and-visible-chromium\trace.zip

    ────────────────────────────────────────────────────────────────────────────────────────────────

    Retry #1 ───────────────────────────────────────────────────────────────────────────────────────

    TimeoutError: page.waitForSelector: Timeout 30000ms exceeded.
    Call log:
      - waiting for locator('text=System Administration') to be visible


      11 |   test.beforeEach(async ({ page }) => {
      12 |     await loginAsAdmin(page, '/admin');
    > 13 |     await page.waitForSelector('text=System Administration', { timeout: 30000 });
         |                ^
      14 |
      15 |     const logsTab = page.getByRole('tab', { name: 'Logs' });
      16 |     await expect(logsTab).toBeVisible({ timeout: 5000 });
        at C:\repos\craft-fusion\apps\craft-web-e2e\src\admin\logs.spec.ts:13:16

    attachment #1: screenshot (image/png) ──────────────────────────────────────────────────────────
    ..\playwright\test-results\admin-logs-Admin---Logs-co-985aa-ons-are-present-and-visible-chromium-retry1\test-failed-1.png
    ────────────────────────────────────────────────────────────────────────────────────────────────

    attachment #2: video (video/webm) ──────────────────────────────────────────────────────────────
    ..\playwright\test-results\admin-logs-Admin---Logs-co-985aa-ons-are-present-and-visible-chromium-retry1\video.webm
    ────────────────────────────────────────────────────────────────────────────────────────────────

    Error Context: ..\playwright\test-results\admin-logs-Admin---Logs-co-985aa-ons-are-present-and-visible-chromium-retry1\error-context.md

    attachment #4: trace (application/zip) ─────────────────────────────────────────────────────────
    ..\playwright\test-results\admin-logs-Admin---Logs-co-985aa-ons-are-present-and-visible-chromium-retry1\trace.zip
    Usage:

        npx playwright show-trace ..\playwright\test-results\admin-logs-Admin---Logs-co-985aa-ons-are-present-and-visible-chromium-retry1\trace.zip

    ────────────────────────────────────────────────────────────────────────────────────────────────
]]>
</failure>
<system-out>
<![CDATA[
[[ATTACHMENT|..\playwright\test-results\admin-logs-Admin---Logs-co-985aa-ons-are-present-and-visible-chromium\test-failed-1.png]]

[[ATTACHMENT|..\playwright\test-results\admin-logs-Admin---Logs-co-985aa-ons-are-present-and-visible-chromium\video.webm]]

[[ATTACHMENT|..\playwright\test-results\admin-logs-Admin---Logs-co-985aa-ons-are-present-and-visible-chromium\error-context.md]]

[[ATTACHMENT|..\playwright\test-results\admin-logs-Admin---Logs-co-985aa-ons-are-present-and-visible-chromium\trace.zip]]

[[ATTACHMENT|..\playwright\test-results\admin-logs-Admin---Logs-co-985aa-ons-are-present-and-visible-chromium-retry1\test-failed-1.png]]

[[ATTACHMENT|..\playwright\test-results\admin-logs-Admin---Logs-co-985aa-ons-are-present-and-visible-chromium-retry1\video.webm]]

[[ATTACHMENT|..\playwright\test-results\admin-logs-Admin---Logs-co-985aa-ons-are-present-and-visible-chromium-retry1\error-context.md]]

[[ATTACHMENT|..\playwright\test-results\admin-logs-Admin---Logs-co-985aa-ons-are-present-and-visible-chromium-retry1\trace.zip]]
]]>
</system-out>
</testcase>
</testsuite>
<testsuite name="admin-dashboard.spec.ts" timestamp="2026-01-09T02:59:25.254Z" hostname="chromium" tests="5" failures="5" skipped="0" time="373.884" errors="0">
<testcase name="Admin dashboard tabs › renders Overview tab" classname="admin-dashboard.spec.ts" time="74.526">
<failure message="admin-dashboard.spec.ts:24:9 renders Overview tab" type="FAILURE">
<![CDATA[  [chromium] › admin-dashboard.spec.ts:24:9 › Admin dashboard tabs › renders Overview tab ──────────

    TimeoutError: page.waitForSelector: Timeout 30000ms exceeded.
    Call log:
      - waiting for locator('text=System Administration') to be visible


      18 |   test.beforeEach(async ({ page }) => {
      19 |     await loginAsAdmin(page, '/admin');
    > 20 |     await page.waitForSelector('text=System Administration', { timeout: 30000 });
         |                ^
      21 |   });
      22 |
      23 |   for (const tab of tabNames) {
        at C:\repos\craft-fusion\apps\craft-web-e2e\src\admin-dashboard.spec.ts:20:16

    attachment #1: screenshot (image/png) ──────────────────────────────────────────────────────────
    ..\playwright\test-results\admin-dashboard-Admin-dashboard-tabs-renders-Overview-tab-chromium\test-failed-1.png
    ────────────────────────────────────────────────────────────────────────────────────────────────

    attachment #2: video (video/webm) ──────────────────────────────────────────────────────────────
    ..\playwright\test-results\admin-dashboard-Admin-dashboard-tabs-renders-Overview-tab-chromium\video.webm
    ────────────────────────────────────────────────────────────────────────────────────────────────

    Error Context: ..\playwright\test-results\admin-dashboard-Admin-dashboard-tabs-renders-Overview-tab-chromium\error-context.md

    attachment #4: trace (application/zip) ─────────────────────────────────────────────────────────
    ..\playwright\test-results\admin-dashboard-Admin-dashboard-tabs-renders-Overview-tab-chromium\trace.zip
    Usage:

        npx playwright show-trace ..\playwright\test-results\admin-dashboard-Admin-dashboard-tabs-renders-Overview-tab-chromium\trace.zip

    ────────────────────────────────────────────────────────────────────────────────────────────────

    Retry #1 ───────────────────────────────────────────────────────────────────────────────────────

    TimeoutError: page.waitForSelector: Timeout 30000ms exceeded.
    Call log:
      - waiting for locator('text=System Administration') to be visible


      18 |   test.beforeEach(async ({ page }) => {
      19 |     await loginAsAdmin(page, '/admin');
    > 20 |     await page.waitForSelector('text=System Administration', { timeout: 30000 });
         |                ^
      21 |   });
      22 |
      23 |   for (const tab of tabNames) {
        at C:\repos\craft-fusion\apps\craft-web-e2e\src\admin-dashboard.spec.ts:20:16

    attachment #1: screenshot (image/png) ──────────────────────────────────────────────────────────
    ..\playwright\test-results\admin-dashboard-Admin-dashboard-tabs-renders-Overview-tab-chromium-retry1\test-failed-1.png
    ────────────────────────────────────────────────────────────────────────────────────────────────

    attachment #2: video (video/webm) ──────────────────────────────────────────────────────────────
    ..\playwright\test-results\admin-dashboard-Admin-dashboard-tabs-renders-Overview-tab-chromium-retry1\video.webm
    ────────────────────────────────────────────────────────────────────────────────────────────────

    Error Context: ..\playwright\test-results\admin-dashboard-Admin-dashboard-tabs-renders-Overview-tab-chromium-retry1\error-context.md

    attachment #4: trace (application/zip) ─────────────────────────────────────────────────────────
    ..\playwright\test-results\admin-dashboard-Admin-dashboard-tabs-renders-Overview-tab-chromium-retry1\trace.zip
    Usage:

        npx playwright show-trace ..\playwright\test-results\admin-dashboard-Admin-dashboard-tabs-renders-Overview-tab-chromium-retry1\trace.zip

    ────────────────────────────────────────────────────────────────────────────────────────────────
]]>
</failure>
<system-out>
<![CDATA[
[[ATTACHMENT|..\playwright\test-results\admin-dashboard-Admin-dashboard-tabs-renders-Overview-tab-chromium\test-failed-1.png]]

[[ATTACHMENT|..\playwright\test-results\admin-dashboard-Admin-dashboard-tabs-renders-Overview-tab-chromium\video.webm]]

[[ATTACHMENT|..\playwright\test-results\admin-dashboard-Admin-dashboard-tabs-renders-Overview-tab-chromium\error-context.md]]

[[ATTACHMENT|..\playwright\test-results\admin-dashboard-Admin-dashboard-tabs-renders-Overview-tab-chromium\trace.zip]]

[[ATTACHMENT|..\playwright\test-results\admin-dashboard-Admin-dashboard-tabs-renders-Overview-tab-chromium-retry1\test-failed-1.png]]

[[ATTACHMENT|..\playwright\test-results\admin-dashboard-Admin-dashboard-tabs-renders-Overview-tab-chromium-retry1\video.webm]]

[[ATTACHMENT|..\playwright\test-results\admin-dashboard-Admin-dashboard-tabs-renders-Overview-tab-chromium-retry1\error-context.md]]

[[ATTACHMENT|..\playwright\test-results\admin-dashboard-Admin-dashboard-tabs-renders-Overview-tab-chromium-retry1\trace.zip]]
]]>
</system-out>
</testcase>
<testcase name="Admin dashboard tabs › renders Performance tab" classname="admin-dashboard.spec.ts" time="74.571">
<failure message="admin-dashboard.spec.ts:24:9 renders Performance tab" type="FAILURE">
<![CDATA[  [chromium] › admin-dashboard.spec.ts:24:9 › Admin dashboard tabs › renders Performance tab ───────

    TimeoutError: page.waitForSelector: Timeout 30000ms exceeded.
    Call log:
      - waiting for locator('text=System Administration') to be visible


      18 |   test.beforeEach(async ({ page }) => {
      19 |     await loginAsAdmin(page, '/admin');
    > 20 |     await page.waitForSelector('text=System Administration', { timeout: 30000 });
         |                ^
      21 |   });
      22 |
      23 |   for (const tab of tabNames) {
        at C:\repos\craft-fusion\apps\craft-web-e2e\src\admin-dashboard.spec.ts:20:16

    attachment #1: screenshot (image/png) ──────────────────────────────────────────────────────────
    ..\playwright\test-results\admin-dashboard-Admin-dashboard-tabs-renders-Performance-tab-chromium\test-failed-1.png
    ────────────────────────────────────────────────────────────────────────────────────────────────

    attachment #2: video (video/webm) ──────────────────────────────────────────────────────────────
    ..\playwright\test-results\admin-dashboard-Admin-dashboard-tabs-renders-Performance-tab-chromium\video.webm
    ────────────────────────────────────────────────────────────────────────────────────────────────

    Error Context: ..\playwright\test-results\admin-dashboard-Admin-dashboard-tabs-renders-Performance-tab-chromium\error-context.md

    attachment #4: trace (application/zip) ─────────────────────────────────────────────────────────
    ..\playwright\test-results\admin-dashboard-Admin-dashboard-tabs-renders-Performance-tab-chromium\trace.zip
    Usage:

        npx playwright show-trace ..\playwright\test-results\admin-dashboard-Admin-dashboard-tabs-renders-Performance-tab-chromium\trace.zip

    ────────────────────────────────────────────────────────────────────────────────────────────────

    Retry #1 ───────────────────────────────────────────────────────────────────────────────────────

    TimeoutError: page.waitForSelector: Timeout 30000ms exceeded.
    Call log:
      - waiting for locator('text=System Administration') to be visible


      18 |   test.beforeEach(async ({ page }) => {
      19 |     await loginAsAdmin(page, '/admin');
    > 20 |     await page.waitForSelector('text=System Administration', { timeout: 30000 });
         |                ^
      21 |   });
      22 |
      23 |   for (const tab of tabNames) {
        at C:\repos\craft-fusion\apps\craft-web-e2e\src\admin-dashboard.spec.ts:20:16

    attachment #1: screenshot (image/png) ──────────────────────────────────────────────────────────
    ..\playwright\test-results\admin-dashboard-Admin-dashboard-tabs-renders-Performance-tab-chromium-retry1\test-failed-1.png
    ────────────────────────────────────────────────────────────────────────────────────────────────

    attachment #2: video (video/webm) ──────────────────────────────────────────────────────────────
    ..\playwright\test-results\admin-dashboard-Admin-dashboard-tabs-renders-Performance-tab-chromium-retry1\video.webm
    ────────────────────────────────────────────────────────────────────────────────────────────────

    Error Context: ..\playwright\test-results\admin-dashboard-Admin-dashboard-tabs-renders-Performance-tab-chromium-retry1\error-context.md

    attachment #4: trace (application/zip) ─────────────────────────────────────────────────────────
    ..\playwright\test-results\admin-dashboard-Admin-dashboard-tabs-renders-Performance-tab-chromium-retry1\trace.zip
    Usage:

        npx playwright show-trace ..\playwright\test-results\admin-dashboard-Admin-dashboard-tabs-renders-Performance-tab-chromium-retry1\trace.zip

    ────────────────────────────────────────────────────────────────────────────────────────────────
]]>
</failure>
<system-out>
<![CDATA[
[[ATTACHMENT|..\playwright\test-results\admin-dashboard-Admin-dashboard-tabs-renders-Performance-tab-chromium\test-failed-1.png]]

[[ATTACHMENT|..\playwright\test-results\admin-dashboard-Admin-dashboard-tabs-renders-Performance-tab-chromium\video.webm]]

[[ATTACHMENT|..\playwright\test-results\admin-dashboard-Admin-dashboard-tabs-renders-Performance-tab-chromium\error-context.md]]

[[ATTACHMENT|..\playwright\test-results\admin-dashboard-Admin-dashboard-tabs-renders-Performance-tab-chromium\trace.zip]]

[[ATTACHMENT|..\playwright\test-results\admin-dashboard-Admin-dashboard-tabs-renders-Performance-tab-chromium-retry1\test-failed-1.png]]

[[ATTACHMENT|..\playwright\test-results\admin-dashboard-Admin-dashboard-tabs-renders-Performance-tab-chromium-retry1\video.webm]]

[[ATTACHMENT|..\playwright\test-results\admin-dashboard-Admin-dashboard-tabs-renders-Performance-tab-chromium-retry1\error-context.md]]

[[ATTACHMENT|..\playwright\test-results\admin-dashboard-Admin-dashboard-tabs-renders-Performance-tab-chromium-retry1\trace.zip]]
]]>
</system-out>
</testcase>
<testcase name="Admin dashboard tabs › renders Security &amp; Access tab" classname="admin-dashboard.spec.ts" time="74.183">
<failure message="admin-dashboard.spec.ts:24:9 renders Security &amp; Access tab" type="FAILURE">
<![CDATA[  [chromium] › admin-dashboard.spec.ts:24:9 › Admin dashboard tabs › renders Security & Access tab ─

    TimeoutError: page.waitForSelector: Timeout 30000ms exceeded.
    Call log:
      - waiting for locator('text=System Administration') to be visible


      18 |   test.beforeEach(async ({ page }) => {
      19 |     await loginAsAdmin(page, '/admin');
    > 20 |     await page.waitForSelector('text=System Administration', { timeout: 30000 });
         |                ^
      21 |   });
      22 |
      23 |   for (const tab of tabNames) {
        at C:\repos\craft-fusion\apps\craft-web-e2e\src\admin-dashboard.spec.ts:20:16

    attachment #1: screenshot (image/png) ──────────────────────────────────────────────────────────
    ..\playwright\test-results\admin-dashboard-Admin-dash-3b918-renders-Security-Access-tab-chromium\test-failed-1.png
    ────────────────────────────────────────────────────────────────────────────────────────────────

    attachment #2: video (video/webm) ──────────────────────────────────────────────────────────────
    ..\playwright\test-results\admin-dashboard-Admin-dash-3b918-renders-Security-Access-tab-chromium\video.webm
    ────────────────────────────────────────────────────────────────────────────────────────────────

    Error Context: ..\playwright\test-results\admin-dashboard-Admin-dash-3b918-renders-Security-Access-tab-chromium\error-context.md

    attachment #4: trace (application/zip) ─────────────────────────────────────────────────────────
    ..\playwright\test-results\admin-dashboard-Admin-dash-3b918-renders-Security-Access-tab-chromium\trace.zip
    Usage:

        npx playwright show-trace ..\playwright\test-results\admin-dashboard-Admin-dash-3b918-renders-Security-Access-tab-chromium\trace.zip

    ────────────────────────────────────────────────────────────────────────────────────────────────

    Retry #1 ───────────────────────────────────────────────────────────────────────────────────────

    TimeoutError: page.waitForSelector: Timeout 30000ms exceeded.
    Call log:
      - waiting for locator('text=System Administration') to be visible


      18 |   test.beforeEach(async ({ page }) => {
      19 |     await loginAsAdmin(page, '/admin');
    > 20 |     await page.waitForSelector('text=System Administration', { timeout: 30000 });
         |                ^
      21 |   });
      22 |
      23 |   for (const tab of tabNames) {
        at C:\repos\craft-fusion\apps\craft-web-e2e\src\admin-dashboard.spec.ts:20:16

    attachment #1: screenshot (image/png) ──────────────────────────────────────────────────────────
    ..\playwright\test-results\admin-dashboard-Admin-dash-3b918-renders-Security-Access-tab-chromium-retry1\test-failed-1.png
    ────────────────────────────────────────────────────────────────────────────────────────────────

    attachment #2: video (video/webm) ──────────────────────────────────────────────────────────────
    ..\playwright\test-results\admin-dashboard-Admin-dash-3b918-renders-Security-Access-tab-chromium-retry1\video.webm
    ────────────────────────────────────────────────────────────────────────────────────────────────

    Error Context: ..\playwright\test-results\admin-dashboard-Admin-dash-3b918-renders-Security-Access-tab-chromium-retry1\error-context.md

    attachment #4: trace (application/zip) ─────────────────────────────────────────────────────────
    ..\playwright\test-results\admin-dashboard-Admin-dash-3b918-renders-Security-Access-tab-chromium-retry1\trace.zip
    Usage:

        npx playwright show-trace ..\playwright\test-results\admin-dashboard-Admin-dash-3b918-renders-Security-Access-tab-chromium-retry1\trace.zip

    ────────────────────────────────────────────────────────────────────────────────────────────────
]]>
</failure>
<system-out>
<![CDATA[
[[ATTACHMENT|..\playwright\test-results\admin-dashboard-Admin-dash-3b918-renders-Security-Access-tab-chromium\test-failed-1.png]]

[[ATTACHMENT|..\playwright\test-results\admin-dashboard-Admin-dash-3b918-renders-Security-Access-tab-chromium\video.webm]]

[[ATTACHMENT|..\playwright\test-results\admin-dashboard-Admin-dash-3b918-renders-Security-Access-tab-chromium\error-context.md]]

[[ATTACHMENT|..\playwright\test-results\admin-dashboard-Admin-dash-3b918-renders-Security-Access-tab-chromium\trace.zip]]

[[ATTACHMENT|..\playwright\test-results\admin-dashboard-Admin-dash-3b918-renders-Security-Access-tab-chromium-retry1\test-failed-1.png]]

[[ATTACHMENT|..\playwright\test-results\admin-dashboard-Admin-dash-3b918-renders-Security-Access-tab-chromium-retry1\video.webm]]

[[ATTACHMENT|..\playwright\test-results\admin-dashboard-Admin-dash-3b918-renders-Security-Access-tab-chromium-retry1\error-context.md]]

[[ATTACHMENT|..\playwright\test-results\admin-dashboard-Admin-dash-3b918-renders-Security-Access-tab-chromium-retry1\trace.zip]]
]]>
</system-out>
</testcase>
<testcase name="Admin dashboard tabs › renders Logs tab" classname="admin-dashboard.spec.ts" time="76.105">
<failure message="admin-dashboard.spec.ts:24:9 renders Logs tab" type="FAILURE">
<![CDATA[  [chromium] › admin-dashboard.spec.ts:24:9 › Admin dashboard tabs › renders Logs tab ──────────────

    TimeoutError: page.waitForSelector: Timeout 30000ms exceeded.
    Call log:
      - waiting for locator('text=System Administration') to be visible


      18 |   test.beforeEach(async ({ page }) => {
      19 |     await loginAsAdmin(page, '/admin');
    > 20 |     await page.waitForSelector('text=System Administration', { timeout: 30000 });
         |                ^
      21 |   });
      22 |
      23 |   for (const tab of tabNames) {
        at C:\repos\craft-fusion\apps\craft-web-e2e\src\admin-dashboard.spec.ts:20:16

    attachment #1: screenshot (image/png) ──────────────────────────────────────────────────────────
    ..\playwright\test-results\admin-dashboard-Admin-dashboard-tabs-renders-Logs-tab-chromium\test-failed-1.png
    ────────────────────────────────────────────────────────────────────────────────────────────────

    attachment #2: video (video/webm) ──────────────────────────────────────────────────────────────
    ..\playwright\test-results\admin-dashboard-Admin-dashboard-tabs-renders-Logs-tab-chromium\video.webm
    ────────────────────────────────────────────────────────────────────────────────────────────────

    Error Context: ..\playwright\test-results\admin-dashboard-Admin-dashboard-tabs-renders-Logs-tab-chromium\error-context.md

    attachment #4: trace (application/zip) ─────────────────────────────────────────────────────────
    ..\playwright\test-results\admin-dashboard-Admin-dashboard-tabs-renders-Logs-tab-chromium\trace.zip
    Usage:

        npx playwright show-trace ..\playwright\test-results\admin-dashboard-Admin-dashboard-tabs-renders-Logs-tab-chromium\trace.zip

    ────────────────────────────────────────────────────────────────────────────────────────────────

    Retry #1 ───────────────────────────────────────────────────────────────────────────────────────

    TimeoutError: page.waitForSelector: Timeout 30000ms exceeded.
    Call log:
      - waiting for locator('text=System Administration') to be visible


      18 |   test.beforeEach(async ({ page }) => {
      19 |     await loginAsAdmin(page, '/admin');
    > 20 |     await page.waitForSelector('text=System Administration', { timeout: 30000 });
         |                ^
      21 |   });
      22 |
      23 |   for (const tab of tabNames) {
        at C:\repos\craft-fusion\apps\craft-web-e2e\src\admin-dashboard.spec.ts:20:16

    attachment #1: screenshot (image/png) ──────────────────────────────────────────────────────────
    ..\playwright\test-results\admin-dashboard-Admin-dashboard-tabs-renders-Logs-tab-chromium-retry1\test-failed-1.png
    ────────────────────────────────────────────────────────────────────────────────────────────────

    attachment #2: video (video/webm) ──────────────────────────────────────────────────────────────
    ..\playwright\test-results\admin-dashboard-Admin-dashboard-tabs-renders-Logs-tab-chromium-retry1\video.webm
    ────────────────────────────────────────────────────────────────────────────────────────────────

    Error Context: ..\playwright\test-results\admin-dashboard-Admin-dashboard-tabs-renders-Logs-tab-chromium-retry1\error-context.md

    attachment #4: trace (application/zip) ─────────────────────────────────────────────────────────
    ..\playwright\test-results\admin-dashboard-Admin-dashboard-tabs-renders-Logs-tab-chromium-retry1\trace.zip
    Usage:

        npx playwright show-trace ..\playwright\test-results\admin-dashboard-Admin-dashboard-tabs-renders-Logs-tab-chromium-retry1\trace.zip

    ────────────────────────────────────────────────────────────────────────────────────────────────
]]>
</failure>
<system-out>
<![CDATA[
[[ATTACHMENT|..\playwright\test-results\admin-dashboard-Admin-dashboard-tabs-renders-Logs-tab-chromium\test-failed-1.png]]

[[ATTACHMENT|..\playwright\test-results\admin-dashboard-Admin-dashboard-tabs-renders-Logs-tab-chromium\video.webm]]

[[ATTACHMENT|..\playwright\test-results\admin-dashboard-Admin-dashboard-tabs-renders-Logs-tab-chromium\error-context.md]]

[[ATTACHMENT|..\playwright\test-results\admin-dashboard-Admin-dashboard-tabs-renders-Logs-tab-chromium\trace.zip]]

[[ATTACHMENT|..\playwright\test-results\admin-dashboard-Admin-dashboard-tabs-renders-Logs-tab-chromium-retry1\test-failed-1.png]]

[[ATTACHMENT|..\playwright\test-results\admin-dashboard-Admin-dashboard-tabs-renders-Logs-tab-chromium-retry1\video.webm]]

[[ATTACHMENT|..\playwright\test-results\admin-dashboard-Admin-dashboard-tabs-renders-Logs-tab-chromium-retry1\error-context.md]]

[[ATTACHMENT|..\playwright\test-results\admin-dashboard-Admin-dashboard-tabs-renders-Logs-tab-chromium-retry1\trace.zip]]
]]>
</system-out>
</testcase>
<testcase name="Admin dashboard tabs › cycles through tabs in sequence" classname="admin-dashboard.spec.ts" time="74.499">
<failure message="admin-dashboard.spec.ts:31:7 cycles through tabs in sequence" type="FAILURE">
<![CDATA[  [chromium] › admin-dashboard.spec.ts:31:7 › Admin dashboard tabs › cycles through tabs in sequence 

    TimeoutError: page.waitForSelector: Timeout 30000ms exceeded.
    Call log:
      - waiting for locator('text=System Administration') to be visible


      18 |   test.beforeEach(async ({ page }) => {
      19 |     await loginAsAdmin(page, '/admin');
    > 20 |     await page.waitForSelector('text=System Administration', { timeout: 30000 });
         |                ^
      21 |   });
      22 |
      23 |   for (const tab of tabNames) {
        at C:\repos\craft-fusion\apps\craft-web-e2e\src\admin-dashboard.spec.ts:20:16

    attachment #1: screenshot (image/png) ──────────────────────────────────────────────────────────
    ..\playwright\test-results\admin-dashboard-Admin-dash-2cc74-es-through-tabs-in-sequence-chromium\test-failed-1.png
    ────────────────────────────────────────────────────────────────────────────────────────────────

    attachment #2: video (video/webm) ──────────────────────────────────────────────────────────────
    ..\playwright\test-results\admin-dashboard-Admin-dash-2cc74-es-through-tabs-in-sequence-chromium\video.webm
    ────────────────────────────────────────────────────────────────────────────────────────────────

    Error Context: ..\playwright\test-results\admin-dashboard-Admin-dash-2cc74-es-through-tabs-in-sequence-chromium\error-context.md

    attachment #4: trace (application/zip) ─────────────────────────────────────────────────────────
    ..\playwright\test-results\admin-dashboard-Admin-dash-2cc74-es-through-tabs-in-sequence-chromium\trace.zip
    Usage:

        npx playwright show-trace ..\playwright\test-results\admin-dashboard-Admin-dash-2cc74-es-through-tabs-in-sequence-chromium\trace.zip

    ────────────────────────────────────────────────────────────────────────────────────────────────

    Retry #1 ───────────────────────────────────────────────────────────────────────────────────────

    TimeoutError: page.waitForSelector: Timeout 30000ms exceeded.
    Call log:
      - waiting for locator('text=System Administration') to be visible


      18 |   test.beforeEach(async ({ page }) => {
      19 |     await loginAsAdmin(page, '/admin');
    > 20 |     await page.waitForSelector('text=System Administration', { timeout: 30000 });
         |                ^
      21 |   });
      22 |
      23 |   for (const tab of tabNames) {
        at C:\repos\craft-fusion\apps\craft-web-e2e\src\admin-dashboard.spec.ts:20:16

    attachment #1: screenshot (image/png) ──────────────────────────────────────────────────────────
    ..\playwright\test-results\admin-dashboard-Admin-dash-2cc74-es-through-tabs-in-sequence-chromium-retry1\test-failed-1.png
    ────────────────────────────────────────────────────────────────────────────────────────────────

    attachment #2: video (video/webm) ──────────────────────────────────────────────────────────────
    ..\playwright\test-results\admin-dashboard-Admin-dash-2cc74-es-through-tabs-in-sequence-chromium-retry1\video.webm
    ────────────────────────────────────────────────────────────────────────────────────────────────

    Error Context: ..\playwright\test-results\admin-dashboard-Admin-dash-2cc74-es-through-tabs-in-sequence-chromium-retry1\error-context.md

    attachment #4: trace (application/zip) ─────────────────────────────────────────────────────────
    ..\playwright\test-results\admin-dashboard-Admin-dash-2cc74-es-through-tabs-in-sequence-chromium-retry1\trace.zip
    Usage:

        npx playwright show-trace ..\playwright\test-results\admin-dashboard-Admin-dash-2cc74-es-through-tabs-in-sequence-chromium-retry1\trace.zip

    ────────────────────────────────────────────────────────────────────────────────────────────────
]]>
</failure>
<system-out>
<![CDATA[
[[ATTACHMENT|..\playwright\test-results\admin-dashboard-Admin-dash-2cc74-es-through-tabs-in-sequence-chromium\test-failed-1.png]]

[[ATTACHMENT|..\playwright\test-results\admin-dashboard-Admin-dash-2cc74-es-through-tabs-in-sequence-chromium\video.webm]]

[[ATTACHMENT|..\playwright\test-results\admin-dashboard-Admin-dash-2cc74-es-through-tabs-in-sequence-chromium\error-context.md]]

[[ATTACHMENT|..\playwright\test-results\admin-dashboard-Admin-dash-2cc74-es-through-tabs-in-sequence-chromium\trace.zip]]

[[ATTACHMENT|..\playwright\test-results\admin-dashboard-Admin-dash-2cc74-es-through-tabs-in-sequence-chromium-retry1\test-failed-1.png]]

[[ATTACHMENT|..\playwright\test-results\admin-dashboard-Admin-dash-2cc74-es-through-tabs-in-sequence-chromium-retry1\video.webm]]

[[ATTACHMENT|..\playwright\test-results\admin-dashboard-Admin-dash-2cc74-es-through-tabs-in-sequence-chromium-retry1\error-context.md]]

[[ATTACHMENT|..\playwright\test-results\admin-dashboard-Admin-dash-2cc74-es-through-tabs-in-sequence-chromium-retry1\trace.zip]]
]]>
</system-out>
</testcase>
</testsuite>
<testsuite name="admin-hero.spec.ts" timestamp="2026-01-09T02:59:25.254Z" hostname="chromium" tests="15" failures="4" skipped="0" time="171.835" errors="0">
<testcase name="Admin Hero Area › should display all 5 hero KPI tiles" classname="admin-hero.spec.ts" time="9.303">
<system-out>
<![CDATA[[AUTH] Authenticating with username: admin
[AUTH] Login response status: [33m200[39m
[AUTH] Login successful, cookies set in browser context
]]>
</system-out>
</testcase>
<testcase name="Admin Hero Area › should display Active Services tile with correct data" classname="admin-hero.spec.ts" time="9.679">
<system-out>
<![CDATA[[AUTH] Authenticating with username: admin
[AUTH] Login response status: [33m200[39m
[AUTH] Login successful, cookies set in browser context
]]>
</system-out>
</testcase>
<testcase name="Admin Hero Area › should display Success Rate tile with percentage" classname="admin-hero.spec.ts" time="15.778">
<failure message="admin-hero.spec.ts:81:7 should display Success Rate tile with percentage" type="FAILURE">
<![CDATA[  [chromium] › admin-hero.spec.ts:81:7 › Admin Hero Area › should display Success Rate tile with percentage 

    Error: expect(received).toMatch(expected)

    Expected pattern: /%$/
    Received string:  " 100% trending_up +100 "

      84 |     
      85 |     const value = await successTile.locator('.hero-tile-value').textContent();
    > 86 |     expect(value).toMatch(/%$/); // Should end with %
         |                   ^
      87 |   });
      88 |
      89 |   test('should display Errors tile with count', async ({ page }) => {
        at C:\repos\craft-fusion\apps\craft-web-e2e\src\admin-hero.spec.ts:86:19

    attachment #1: screenshot (image/png) ──────────────────────────────────────────────────────────
    ..\playwright\test-results\admin-hero-Admin-Hero-Area-53db1-s-Rate-tile-with-percentage-chromium\test-failed-1.png
    ────────────────────────────────────────────────────────────────────────────────────────────────

    attachment #2: video (video/webm) ──────────────────────────────────────────────────────────────
    ..\playwright\test-results\admin-hero-Admin-Hero-Area-53db1-s-Rate-tile-with-percentage-chromium\video.webm
    ────────────────────────────────────────────────────────────────────────────────────────────────

    Error Context: ..\playwright\test-results\admin-hero-Admin-Hero-Area-53db1-s-Rate-tile-with-percentage-chromium\error-context.md

    attachment #4: trace (application/zip) ─────────────────────────────────────────────────────────
    ..\playwright\test-results\admin-hero-Admin-Hero-Area-53db1-s-Rate-tile-with-percentage-chromium\trace.zip
    Usage:

        npx playwright show-trace ..\playwright\test-results\admin-hero-Admin-Hero-Area-53db1-s-Rate-tile-with-percentage-chromium\trace.zip

    ────────────────────────────────────────────────────────────────────────────────────────────────

    Retry #1 ───────────────────────────────────────────────────────────────────────────────────────

    Error: expect(received).toMatch(expected)

    Expected pattern: /%$/
    Received string:  " 100% trending_up +100 "

      84 |     
      85 |     const value = await successTile.locator('.hero-tile-value').textContent();
    > 86 |     expect(value).toMatch(/%$/); // Should end with %
         |                   ^
      87 |   });
      88 |
      89 |   test('should display Errors tile with count', async ({ page }) => {
        at C:\repos\craft-fusion\apps\craft-web-e2e\src\admin-hero.spec.ts:86:19

    attachment #1: screenshot (image/png) ──────────────────────────────────────────────────────────
    ..\playwright\test-results\admin-hero-Admin-Hero-Area-53db1-s-Rate-tile-with-percentage-chromium-retry1\test-failed-1.png
    ────────────────────────────────────────────────────────────────────────────────────────────────

    attachment #2: video (video/webm) ──────────────────────────────────────────────────────────────
    ..\playwright\test-results\admin-hero-Admin-Hero-Area-53db1-s-Rate-tile-with-percentage-chromium-retry1\video.webm
    ────────────────────────────────────────────────────────────────────────────────────────────────

    Error Context: ..\playwright\test-results\admin-hero-Admin-Hero-Area-53db1-s-Rate-tile-with-percentage-chromium-retry1\error-context.md

    attachment #4: trace (application/zip) ─────────────────────────────────────────────────────────
    ..\playwright\test-results\admin-hero-Admin-Hero-Area-53db1-s-Rate-tile-with-percentage-chromium-retry1\trace.zip
    Usage:

        npx playwright show-trace ..\playwright\test-results\admin-hero-Admin-Hero-Area-53db1-s-Rate-tile-with-percentage-chromium-retry1\trace.zip

    ────────────────────────────────────────────────────────────────────────────────────────────────
]]>
</failure>
<system-out>
<![CDATA[[AUTH] Authenticating with username: admin
[AUTH] Login response status: [33m200[39m
[AUTH] Login successful, cookies set in browser context

[[ATTACHMENT|..\playwright\test-results\admin-hero-Admin-Hero-Area-53db1-s-Rate-tile-with-percentage-chromium\test-failed-1.png]]

[[ATTACHMENT|..\playwright\test-results\admin-hero-Admin-Hero-Area-53db1-s-Rate-tile-with-percentage-chromium\video.webm]]

[[ATTACHMENT|..\playwright\test-results\admin-hero-Admin-Hero-Area-53db1-s-Rate-tile-with-percentage-chromium\error-context.md]]

[[ATTACHMENT|..\playwright\test-results\admin-hero-Admin-Hero-Area-53db1-s-Rate-tile-with-percentage-chromium\trace.zip]]
[AUTH] Authenticating with username: admin
[AUTH] Login response status: [33m200[39m
[AUTH] Login successful, cookies set in browser context

[[ATTACHMENT|..\playwright\test-results\admin-hero-Admin-Hero-Area-53db1-s-Rate-tile-with-percentage-chromium-retry1\test-failed-1.png]]

[[ATTACHMENT|..\playwright\test-results\admin-hero-Admin-Hero-Area-53db1-s-Rate-tile-with-percentage-chromium-retry1\video.webm]]

[[ATTACHMENT|..\playwright\test-results\admin-hero-Admin-Hero-Area-53db1-s-Rate-tile-with-percentage-chromium-retry1\error-context.md]]

[[ATTACHMENT|..\playwright\test-results\admin-hero-Admin-Hero-Area-53db1-s-Rate-tile-with-percentage-chromium-retry1\trace.zip]]
]]>
</system-out>
</testcase>
<testcase name="Admin Hero Area › should display Errors tile with count" classname="admin-hero.spec.ts" time="11.861">
<system-out>
<![CDATA[[AUTH] Authenticating with username: admin
[AUTH] Login response status: [33m200[39m
[AUTH] Login successful, cookies set in browser context
]]>
</system-out>
</testcase>
<testcase name="Admin Hero Area › should display Data Mode tile with correct status" classname="admin-hero.spec.ts" time="10.015">
<system-out>
<![CDATA[[AUTH] Authenticating with username: admin
[AUTH] Login response status: [33m200[39m
[AUTH] Login successful, cookies set in browser context
]]>
</system-out>
</testcase>
<testcase name="Admin Hero Area › should display Response Time tile with milliseconds" classname="admin-hero.spec.ts" time="10.933">
<failure message="admin-hero.spec.ts:104:7 should display Response Time tile with milliseconds" type="FAILURE">
<![CDATA[  [chromium] › admin-hero.spec.ts:104:7 › Admin Hero Area › should display Response Time tile with milliseconds 

    Error: expect(received).toMatch(expected)

    Expected pattern: /ms$/
    Received string:  " 0ms "

      107 |     
      108 |     const value = await responseTile.locator('.hero-tile-value').textContent();
    > 109 |     expect(value).toMatch(/ms$/); // Should end with ms
          |                   ^
      110 |   });
      111 |
      112 |   test('should apply correct status classes', async ({ page }) => {
        at C:\repos\craft-fusion\apps\craft-web-e2e\src\admin-hero.spec.ts:109:19

    attachment #1: screenshot (image/png) ──────────────────────────────────────────────────────────
    ..\playwright\test-results\admin-hero-Admin-Hero-Area-3b5cb-Time-tile-with-milliseconds-chromium\test-failed-1.png
    ────────────────────────────────────────────────────────────────────────────────────────────────

    attachment #2: video (video/webm) ──────────────────────────────────────────────────────────────
    ..\playwright\test-results\admin-hero-Admin-Hero-Area-3b5cb-Time-tile-with-milliseconds-chromium\video.webm
    ────────────────────────────────────────────────────────────────────────────────────────────────

    Error Context: ..\playwright\test-results\admin-hero-Admin-Hero-Area-3b5cb-Time-tile-with-milliseconds-chromium\error-context.md

    attachment #4: trace (application/zip) ─────────────────────────────────────────────────────────
    ..\playwright\test-results\admin-hero-Admin-Hero-Area-3b5cb-Time-tile-with-milliseconds-chromium\trace.zip
    Usage:

        npx playwright show-trace ..\playwright\test-results\admin-hero-Admin-Hero-Area-3b5cb-Time-tile-with-milliseconds-chromium\trace.zip

    ────────────────────────────────────────────────────────────────────────────────────────────────

    Retry #1 ───────────────────────────────────────────────────────────────────────────────────────

    Error: expect(received).toMatch(expected)

    Expected pattern: /ms$/
    Received string:  " 0ms "

      107 |     
      108 |     const value = await responseTile.locator('.hero-tile-value').textContent();
    > 109 |     expect(value).toMatch(/ms$/); // Should end with ms
          |                   ^
      110 |   });
      111 |
      112 |   test('should apply correct status classes', async ({ page }) => {
        at C:\repos\craft-fusion\apps\craft-web-e2e\src\admin-hero.spec.ts:109:19

    attachment #1: screenshot (image/png) ──────────────────────────────────────────────────────────
    ..\playwright\test-results\admin-hero-Admin-Hero-Area-3b5cb-Time-tile-with-milliseconds-chromium-retry1\test-failed-1.png
    ────────────────────────────────────────────────────────────────────────────────────────────────

    attachment #2: video (video/webm) ──────────────────────────────────────────────────────────────
    ..\playwright\test-results\admin-hero-Admin-Hero-Area-3b5cb-Time-tile-with-milliseconds-chromium-retry1\video.webm
    ────────────────────────────────────────────────────────────────────────────────────────────────

    Error Context: ..\playwright\test-results\admin-hero-Admin-Hero-Area-3b5cb-Time-tile-with-milliseconds-chromium-retry1\error-context.md

    attachment #4: trace (application/zip) ─────────────────────────────────────────────────────────
    ..\playwright\test-results\admin-hero-Admin-Hero-Area-3b5cb-Time-tile-with-milliseconds-chromium-retry1\trace.zip
    Usage:

        npx playwright show-trace ..\playwright\test-results\admin-hero-Admin-Hero-Area-3b5cb-Time-tile-with-milliseconds-chromium-retry1\trace.zip

    ────────────────────────────────────────────────────────────────────────────────────────────────
]]>
</failure>
<system-out>
<![CDATA[[AUTH] Authenticating with username: admin
[AUTH] Login response status: [33m200[39m
[AUTH] Login successful, cookies set in browser context

[[ATTACHMENT|..\playwright\test-results\admin-hero-Admin-Hero-Area-3b5cb-Time-tile-with-milliseconds-chromium\test-failed-1.png]]

[[ATTACHMENT|..\playwright\test-results\admin-hero-Admin-Hero-Area-3b5cb-Time-tile-with-milliseconds-chromium\video.webm]]

[[ATTACHMENT|..\playwright\test-results\admin-hero-Admin-Hero-Area-3b5cb-Time-tile-with-milliseconds-chromium\error-context.md]]

[[ATTACHMENT|..\playwright\test-results\admin-hero-Admin-Hero-Area-3b5cb-Time-tile-with-milliseconds-chromium\trace.zip]]
[AUTH] Authenticating with username: admin
[AUTH] Login response status: [33m200[39m
[AUTH] Login successful, cookies set in browser context

[[ATTACHMENT|..\playwright\test-results\admin-hero-Admin-Hero-Area-3b5cb-Time-tile-with-milliseconds-chromium-retry1\test-failed-1.png]]

[[ATTACHMENT|..\playwright\test-results\admin-hero-Admin-Hero-Area-3b5cb-Time-tile-with-milliseconds-chromium-retry1\video.webm]]

[[ATTACHMENT|..\playwright\test-results\admin-hero-Admin-Hero-Area-3b5cb-Time-tile-with-milliseconds-chromium-retry1\error-context.md]]

[[ATTACHMENT|..\playwright\test-results\admin-hero-Admin-Hero-Area-3b5cb-Time-tile-with-milliseconds-chromium-retry1\trace.zip]]
]]>
</system-out>
</testcase>
<testcase name="Admin Hero Area › should apply correct status classes" classname="admin-hero.spec.ts" time="4.758">
<system-out>
<![CDATA[[AUTH] Authenticating with username: admin
[AUTH] Login response status: [33m200[39m
[AUTH] Login successful, cookies set in browser context
]]>
</system-out>
</testcase>
<testcase name="Admin Hero Area › should show delta indicators when values change" classname="admin-hero.spec.ts" time="5.18">
<system-out>
<![CDATA[[AUTH] Authenticating with username: admin
[AUTH] Login response status: [33m200[39m
[AUTH] Login successful, cookies set in browser context
]]>
</system-out>
</testcase>
<testcase name="Admin Hero Area › should navigate to Logs tab when clicking Errors tile" classname="admin-hero.spec.ts" time="34.121">
<failure message="admin-hero.spec.ts:139:7 should navigate to Logs tab when clicking Errors tile" type="FAILURE">
<![CDATA[  [chromium] › admin-hero.spec.ts:139:7 › Admin Hero Area › should navigate to Logs tab when clicking Errors tile 

    Error: expect(locator).toContainText(expected) failed

    Locator: locator('.mat-tab-label-active')
    Expected substring: "Logs"
    Timeout: 10000ms
    Error: element(s) not found

    Call log:
      - Expect "toContainText" with timeout 10000ms
      - waiting for locator('.mat-tab-label-active')


      152 |       await page.waitForTimeout(500); // Wait for tab change animation
      153 |       const activeTab = page.locator('.mat-tab-label-active');
    > 154 |       await expect(activeTab).toContainText('Logs');
          |                               ^
      155 |     }
      156 |   });
      157 |
        at C:\repos\craft-fusion\apps\craft-web-e2e\src\admin-hero.spec.ts:154:31

    attachment #1: screenshot (image/png) ──────────────────────────────────────────────────────────
    ..\playwright\test-results\admin-hero-Admin-Hero-Area-9765b-b-when-clicking-Errors-tile-chromium\test-failed-1.png
    ────────────────────────────────────────────────────────────────────────────────────────────────

    attachment #2: video (video/webm) ──────────────────────────────────────────────────────────────
    ..\playwright\test-results\admin-hero-Admin-Hero-Area-9765b-b-when-clicking-Errors-tile-chromium\video.webm
    ────────────────────────────────────────────────────────────────────────────────────────────────

    Error Context: ..\playwright\test-results\admin-hero-Admin-Hero-Area-9765b-b-when-clicking-Errors-tile-chromium\error-context.md

    attachment #4: trace (application/zip) ─────────────────────────────────────────────────────────
    ..\playwright\test-results\admin-hero-Admin-Hero-Area-9765b-b-when-clicking-Errors-tile-chromium\trace.zip
    Usage:

        npx playwright show-trace ..\playwright\test-results\admin-hero-Admin-Hero-Area-9765b-b-when-clicking-Errors-tile-chromium\trace.zip

    ────────────────────────────────────────────────────────────────────────────────────────────────

    Retry #1 ───────────────────────────────────────────────────────────────────────────────────────

    Error: expect(locator).toContainText(expected) failed

    Locator: locator('.mat-tab-label-active')
    Expected substring: "Logs"
    Timeout: 10000ms
    Error: element(s) not found

    Call log:
      - Expect "toContainText" with timeout 10000ms
      - waiting for locator('.mat-tab-label-active')


      152 |       await page.waitForTimeout(500); // Wait for tab change animation
      153 |       const activeTab = page.locator('.mat-tab-label-active');
    > 154 |       await expect(activeTab).toContainText('Logs');
          |                               ^
      155 |     }
      156 |   });
      157 |
        at C:\repos\craft-fusion\apps\craft-web-e2e\src\admin-hero.spec.ts:154:31

    attachment #1: screenshot (image/png) ──────────────────────────────────────────────────────────
    ..\playwright\test-results\admin-hero-Admin-Hero-Area-9765b-b-when-clicking-Errors-tile-chromium-retry1\test-failed-1.png
    ────────────────────────────────────────────────────────────────────────────────────────────────

    attachment #2: video (video/webm) ──────────────────────────────────────────────────────────────
    ..\playwright\test-results\admin-hero-Admin-Hero-Area-9765b-b-when-clicking-Errors-tile-chromium-retry1\video.webm
    ────────────────────────────────────────────────────────────────────────────────────────────────

    Error Context: ..\playwright\test-results\admin-hero-Admin-Hero-Area-9765b-b-when-clicking-Errors-tile-chromium-retry1\error-context.md

    attachment #4: trace (application/zip) ─────────────────────────────────────────────────────────
    ..\playwright\test-results\admin-hero-Admin-Hero-Area-9765b-b-when-clicking-Errors-tile-chromium-retry1\trace.zip
    Usage:

        npx playwright show-trace ..\playwright\test-results\admin-hero-Admin-Hero-Area-9765b-b-when-clicking-Errors-tile-chromium-retry1\trace.zip

    ────────────────────────────────────────────────────────────────────────────────────────────────
]]>
</failure>
<system-out>
<![CDATA[[AUTH] Authenticating with username: admin
[AUTH] Login response status: [33m200[39m
[AUTH] Login successful, cookies set in browser context

[[ATTACHMENT|..\playwright\test-results\admin-hero-Admin-Hero-Area-9765b-b-when-clicking-Errors-tile-chromium\test-failed-1.png]]

[[ATTACHMENT|..\playwright\test-results\admin-hero-Admin-Hero-Area-9765b-b-when-clicking-Errors-tile-chromium\video.webm]]

[[ATTACHMENT|..\playwright\test-results\admin-hero-Admin-Hero-Area-9765b-b-when-clicking-Errors-tile-chromium\error-context.md]]

[[ATTACHMENT|..\playwright\test-results\admin-hero-Admin-Hero-Area-9765b-b-when-clicking-Errors-tile-chromium\trace.zip]]
[AUTH] Authenticating with username: admin
[AUTH] Login response status: [33m200[39m
[AUTH] Login successful, cookies set in browser context

[[ATTACHMENT|..\playwright\test-results\admin-hero-Admin-Hero-Area-9765b-b-when-clicking-Errors-tile-chromium-retry1\test-failed-1.png]]

[[ATTACHMENT|..\playwright\test-results\admin-hero-Admin-Hero-Area-9765b-b-when-clicking-Errors-tile-chromium-retry1\video.webm]]

[[ATTACHMENT|..\playwright\test-results\admin-hero-Admin-Hero-Area-9765b-b-when-clicking-Errors-tile-chromium-retry1\error-context.md]]

[[ATTACHMENT|..\playwright\test-results\admin-hero-Admin-Hero-Area-9765b-b-when-clicking-Errors-tile-chromium-retry1\trace.zip]]
]]>
</system-out>
</testcase>
<testcase name="Admin Hero Area › should remain visible when switching tabs" classname="admin-hero.spec.ts" time="31.771">
<failure message="admin-hero.spec.ts:158:7 should remain visible when switching tabs" type="FAILURE">
<![CDATA[  [chromium] › admin-hero.spec.ts:158:7 › Admin Hero Area › should remain visible when switching tabs 

    TimeoutError: locator.click: Timeout 10000ms exceeded.
    Call log:
      - waiting for locator('.mat-tab-label').filter({ hasText: 'Performance' })


      158 |   test('should remain visible when switching tabs', async ({ page }) => {
      159 |     // Click on Performance tab
    > 160 |     await page.locator('.mat-tab-label').filter({ hasText: 'Performance' }).click();
          |                                                                             ^
      161 |     await page.waitForTimeout(300);
      162 |     
      163 |     // Hero bar should still be visible
        at C:\repos\craft-fusion\apps\craft-web-e2e\src\admin-hero.spec.ts:160:77

    attachment #1: screenshot (image/png) ──────────────────────────────────────────────────────────
    ..\playwright\test-results\admin-hero-Admin-Hero-Area-cc11e-visible-when-switching-tabs-chromium\test-failed-1.png
    ────────────────────────────────────────────────────────────────────────────────────────────────

    attachment #2: video (video/webm) ──────────────────────────────────────────────────────────────
    ..\playwright\test-results\admin-hero-Admin-Hero-Area-cc11e-visible-when-switching-tabs-chromium\video.webm
    ────────────────────────────────────────────────────────────────────────────────────────────────

    Error Context: ..\playwright\test-results\admin-hero-Admin-Hero-Area-cc11e-visible-when-switching-tabs-chromium\error-context.md

    attachment #4: trace (application/zip) ─────────────────────────────────────────────────────────
    ..\playwright\test-results\admin-hero-Admin-Hero-Area-cc11e-visible-when-switching-tabs-chromium\trace.zip
    Usage:

        npx playwright show-trace ..\playwright\test-results\admin-hero-Admin-Hero-Area-cc11e-visible-when-switching-tabs-chromium\trace.zip

    ────────────────────────────────────────────────────────────────────────────────────────────────

    Retry #1 ───────────────────────────────────────────────────────────────────────────────────────

    TimeoutError: locator.click: Timeout 10000ms exceeded.
    Call log:
      - waiting for locator('.mat-tab-label').filter({ hasText: 'Performance' })


      158 |   test('should remain visible when switching tabs', async ({ page }) => {
      159 |     // Click on Performance tab
    > 160 |     await page.locator('.mat-tab-label').filter({ hasText: 'Performance' }).click();
          |                                                                             ^
      161 |     await page.waitForTimeout(300);
      162 |     
      163 |     // Hero bar should still be visible
        at C:\repos\craft-fusion\apps\craft-web-e2e\src\admin-hero.spec.ts:160:77

    attachment #1: screenshot (image/png) ──────────────────────────────────────────────────────────
    ..\playwright\test-results\admin-hero-Admin-Hero-Area-cc11e-visible-when-switching-tabs-chromium-retry1\test-failed-1.png
    ────────────────────────────────────────────────────────────────────────────────────────────────

    attachment #2: video (video/webm) ──────────────────────────────────────────────────────────────
    ..\playwright\test-results\admin-hero-Admin-Hero-Area-cc11e-visible-when-switching-tabs-chromium-retry1\video.webm
    ────────────────────────────────────────────────────────────────────────────────────────────────

    Error Context: ..\playwright\test-results\admin-hero-Admin-Hero-Area-cc11e-visible-when-switching-tabs-chromium-retry1\error-context.md

    attachment #4: trace (application/zip) ─────────────────────────────────────────────────────────
    ..\playwright\test-results\admin-hero-Admin-Hero-Area-cc11e-visible-when-switching-tabs-chromium-retry1\trace.zip
    Usage:

        npx playwright show-trace ..\playwright\test-results\admin-hero-Admin-Hero-Area-cc11e-visible-when-switching-tabs-chromium-retry1\trace.zip

    ────────────────────────────────────────────────────────────────────────────────────────────────
]]>
</failure>
<system-out>
<![CDATA[[AUTH] Authenticating with username: admin
[AUTH] Login response status: [33m200[39m
[AUTH] Login successful, cookies set in browser context

[[ATTACHMENT|..\playwright\test-results\admin-hero-Admin-Hero-Area-cc11e-visible-when-switching-tabs-chromium\test-failed-1.png]]

[[ATTACHMENT|..\playwright\test-results\admin-hero-Admin-Hero-Area-cc11e-visible-when-switching-tabs-chromium\video.webm]]

[[ATTACHMENT|..\playwright\test-results\admin-hero-Admin-Hero-Area-cc11e-visible-when-switching-tabs-chromium\error-context.md]]

[[ATTACHMENT|..\playwright\test-results\admin-hero-Admin-Hero-Area-cc11e-visible-when-switching-tabs-chromium\trace.zip]]
[AUTH] Authenticating with username: admin
[AUTH] Login response status: [33m200[39m
[AUTH] Login successful, cookies set in browser context

[[ATTACHMENT|..\playwright\test-results\admin-hero-Admin-Hero-Area-cc11e-visible-when-switching-tabs-chromium-retry1\test-failed-1.png]]

[[ATTACHMENT|..\playwright\test-results\admin-hero-Admin-Hero-Area-cc11e-visible-when-switching-tabs-chromium-retry1\video.webm]]

[[ATTACHMENT|..\playwright\test-results\admin-hero-Admin-Hero-Area-cc11e-visible-when-switching-tabs-chromium-retry1\error-context.md]]

[[ATTACHMENT|..\playwright\test-results\admin-hero-Admin-Hero-Area-cc11e-visible-when-switching-tabs-chromium-retry1\trace.zip]]
]]>
</system-out>
</testcase>
<testcase name="Admin Hero Area › should update metrics periodically" classname="admin-hero.spec.ts" time="8.005">
<system-out>
<![CDATA[[AUTH] Authenticating with username: admin
[AUTH] Login response status: [33m200[39m
[AUTH] Login successful, cookies set in browser context
]]>
</system-out>
</testcase>
<testcase name="Admin Hero Area › should be responsive on mobile viewport" classname="admin-hero.spec.ts" time="4.72">
<system-out>
<![CDATA[[AUTH] Authenticating with username: admin
[AUTH] Login response status: [33m200[39m
[AUTH] Login successful, cookies set in browser context
]]>
</system-out>
</testcase>
<testcase name="Admin Hero Area › should have proper ARIA labels for accessibility" classname="admin-hero.spec.ts" time="4.925">
<system-out>
<![CDATA[[AUTH] Authenticating with username: admin
[AUTH] Login response status: [33m200[39m
[AUTH] Login successful, cookies set in browser context
]]>
</system-out>
</testcase>
<testcase name="Admin Hero Area › should show pulse animation on critical errors" classname="admin-hero.spec.ts" time="4.705">
<system-out>
<![CDATA[[AUTH] Authenticating with username: admin
[AUTH] Login response status: [33m200[39m
[AUTH] Login successful, cookies set in browser context
]]>
</system-out>
</testcase>
<testcase name="Admin Hero Area › should update Data Mode tile when simulation is toggled" classname="admin-hero.spec.ts" time="6.081">
<system-out>
<![CDATA[[AUTH] Authenticating with username: admin
[AUTH] Login response status: [33m200[39m
[AUTH] Login successful, cookies set in browser context
]]>
</system-out>
</testcase>
</testsuite>
<testsuite name="auth-refresh.spec.ts" timestamp="2026-01-09T02:59:25.254Z" hostname="chromium" tests="1" failures="0" skipped="0" time="0.406" errors="0">
<testcase name="Auth refresh rotation › rotates refresh token and issues a new access token" classname="auth-refresh.spec.ts" time="0.406">
</testcase>
</testsuite>
<testsuite name="portfolio.spec.ts" timestamp="2026-01-09T02:59:25.254Z" hostname="chromium" tests="1" failures="0" skipped="0" time="1.7" errors="0">
<testcase name="displays portfolio title" classname="portfolio.spec.ts" time="1.7">
</testcase>
</testsuite>
<testsuite name="timeline.spec.ts" timestamp="2026-01-09T02:59:25.254Z" hostname="chromium" tests="1" failures="1" skipped="0" time="37.746" errors="0">
<testcase name="Timeline experience › expands an event card when Read more is clicked" classname="timeline.spec.ts" time="37.746">
<failure message="timeline.spec.ts:43:7 expands an event card when Read more is clicked" type="FAILURE">
<![CDATA[  [chromium] › timeline.spec.ts:43:7 › Timeline experience › expands an event card when Read more is clicked 

    Error: expect(locator).toBeVisible() failed

    Locator: getByRole('combobox', { name: 'Select Person' })
    Expected: visible
    Timeout: 15000ms
    Error: element(s) not found

    Call log:
      - Expect "toBeVisible" with timeout 15000ms
      - waiting for getByRole('combobox', { name: 'Select Person' })


      45 |
      46 |     const personSelect = page.getByRole('combobox', { name: 'Select Person' });
    > 47 |     await expect(personSelect).toBeVisible({ timeout: 15000 });
         |                                ^
      48 |     await personSelect.click();
      49 |     await page.getByRole('option', { name: 'Jeffrey Sanford' }).click();
      50 |
        at C:\repos\craft-fusion\apps\craft-web-e2e\src\timeline.spec.ts:47:32

    attachment #1: screenshot (image/png) ──────────────────────────────────────────────────────────
    ..\playwright\test-results\timeline-Timeline-experien-232e1-d-when-Read-more-is-clicked-chromium\test-failed-1.png
    ────────────────────────────────────────────────────────────────────────────────────────────────

    attachment #2: video (video/webm) ──────────────────────────────────────────────────────────────
    ..\playwright\test-results\timeline-Timeline-experien-232e1-d-when-Read-more-is-clicked-chromium\video.webm
    ────────────────────────────────────────────────────────────────────────────────────────────────

    Error Context: ..\playwright\test-results\timeline-Timeline-experien-232e1-d-when-Read-more-is-clicked-chromium\error-context.md

    attachment #4: trace (application/zip) ─────────────────────────────────────────────────────────
    ..\playwright\test-results\timeline-Timeline-experien-232e1-d-when-Read-more-is-clicked-chromium\trace.zip
    Usage:

        npx playwright show-trace ..\playwright\test-results\timeline-Timeline-experien-232e1-d-when-Read-more-is-clicked-chromium\trace.zip

    ────────────────────────────────────────────────────────────────────────────────────────────────

    Retry #1 ───────────────────────────────────────────────────────────────────────────────────────

    Error: expect(locator).toBeVisible() failed

    Locator: getByRole('combobox', { name: 'Select Person' })
    Expected: visible
    Timeout: 15000ms
    Error: element(s) not found

    Call log:
      - Expect "toBeVisible" with timeout 15000ms
      - waiting for getByRole('combobox', { name: 'Select Person' })


      45 |
      46 |     const personSelect = page.getByRole('combobox', { name: 'Select Person' });
    > 47 |     await expect(personSelect).toBeVisible({ timeout: 15000 });
         |                                ^
      48 |     await personSelect.click();
      49 |     await page.getByRole('option', { name: 'Jeffrey Sanford' }).click();
      50 |
        at C:\repos\craft-fusion\apps\craft-web-e2e\src\timeline.spec.ts:47:32

    attachment #1: screenshot (image/png) ──────────────────────────────────────────────────────────
    ..\playwright\test-results\timeline-Timeline-experien-232e1-d-when-Read-more-is-clicked-chromium-retry1\test-failed-1.png
    ────────────────────────────────────────────────────────────────────────────────────────────────

    attachment #2: video (video/webm) ──────────────────────────────────────────────────────────────
    ..\playwright\test-results\timeline-Timeline-experien-232e1-d-when-Read-more-is-clicked-chromium-retry1\video.webm
    ────────────────────────────────────────────────────────────────────────────────────────────────

    Error Context: ..\playwright\test-results\timeline-Timeline-experien-232e1-d-when-Read-more-is-clicked-chromium-retry1\error-context.md

    attachment #4: trace (application/zip) ─────────────────────────────────────────────────────────
    ..\playwright\test-results\timeline-Timeline-experien-232e1-d-when-Read-more-is-clicked-chromium-retry1\trace.zip
    Usage:

        npx playwright show-trace ..\playwright\test-results\timeline-Timeline-experien-232e1-d-when-Read-more-is-clicked-chromium-retry1\trace.zip

    ────────────────────────────────────────────────────────────────────────────────────────────────
]]>
</failure>
<system-out>
<![CDATA[
[[ATTACHMENT|..\playwright\test-results\timeline-Timeline-experien-232e1-d-when-Read-more-is-clicked-chromium\test-failed-1.png]]

[[ATTACHMENT|..\playwright\test-results\timeline-Timeline-experien-232e1-d-when-Read-more-is-clicked-chromium\video.webm]]

[[ATTACHMENT|..\playwright\test-results\timeline-Timeline-experien-232e1-d-when-Read-more-is-clicked-chromium\error-context.md]]

[[ATTACHMENT|..\playwright\test-results\timeline-Timeline-experien-232e1-d-when-Read-more-is-clicked-chromium\trace.zip]]

[[ATTACHMENT|..\playwright\test-results\timeline-Timeline-experien-232e1-d-when-Read-more-is-clicked-chromium-retry1\test-failed-1.png]]

[[ATTACHMENT|..\playwright\test-results\timeline-Timeline-experien-232e1-d-when-Read-more-is-clicked-chromium-retry1\video.webm]]

[[ATTACHMENT|..\playwright\test-results\timeline-Timeline-experien-232e1-d-when-Read-more-is-clicked-chromium-retry1\error-context.md]]

[[ATTACHMENT|..\playwright\test-results\timeline-Timeline-experien-232e1-d-when-Read-more-is-clicked-chromium-retry1\trace.zip]]
]]>
</system-out>
</testcase>
</testsuite>
<testsuite name="admin\logs.spec.ts" timestamp="2026-01-09T02:59:25.254Z" hostname="firefox" tests="2" failures="2" skipped="0" time="180.898" errors="0">
<testcase name="Admin - Logs controls visibility › all floating labels and mat-labels are visible" classname="admin\logs.spec.ts" time="91.938">
<failure message="logs.spec.ts:21:7 all floating labels and mat-labels are visible" type="FAILURE">
<![CDATA[  [firefox] › admin\logs.spec.ts:21:7 › Admin - Logs controls visibility › all floating labels and mat-labels are visible 

    TimeoutError: page.waitForSelector: Timeout 30000ms exceeded.
    Call log:
      - waiting for locator('text=System Administration') to be visible


      11 |   test.beforeEach(async ({ page }) => {
      12 |     await loginAsAdmin(page, '/admin');
    > 13 |     await page.waitForSelector('text=System Administration', { timeout: 30000 });
         |                ^
      14 |
      15 |     const logsTab = page.getByRole('tab', { name: 'Logs' });
      16 |     await expect(logsTab).toBeVisible({ timeout: 5000 });
        at C:\repos\craft-fusion\apps\craft-web-e2e\src\admin\logs.spec.ts:13:16

    attachment #1: screenshot (image/png) ──────────────────────────────────────────────────────────
    ..\playwright\test-results\admin-logs-Admin---Logs-co-de25e--and-mat-labels-are-visible-firefox\test-failed-1.png
    ────────────────────────────────────────────────────────────────────────────────────────────────

    attachment #2: video (video/webm) ──────────────────────────────────────────────────────────────
    ..\playwright\test-results\admin-logs-Admin---Logs-co-de25e--and-mat-labels-are-visible-firefox\video.webm
    ────────────────────────────────────────────────────────────────────────────────────────────────

    Error Context: ..\playwright\test-results\admin-logs-Admin---Logs-co-de25e--and-mat-labels-are-visible-firefox\error-context.md

    attachment #4: trace (application/zip) ─────────────────────────────────────────────────────────
    ..\playwright\test-results\admin-logs-Admin---Logs-co-de25e--and-mat-labels-are-visible-firefox\trace.zip
    Usage:

        npx playwright show-trace ..\playwright\test-results\admin-logs-Admin---Logs-co-de25e--and-mat-labels-are-visible-firefox\trace.zip

    ────────────────────────────────────────────────────────────────────────────────────────────────

    Retry #1 ───────────────────────────────────────────────────────────────────────────────────────

    TimeoutError: page.waitForSelector: Timeout 30000ms exceeded.
    Call log:
      - waiting for locator('text=System Administration') to be visible


      11 |   test.beforeEach(async ({ page }) => {
      12 |     await loginAsAdmin(page, '/admin');
    > 13 |     await page.waitForSelector('text=System Administration', { timeout: 30000 });
         |                ^
      14 |
      15 |     const logsTab = page.getByRole('tab', { name: 'Logs' });
      16 |     await expect(logsTab).toBeVisible({ timeout: 5000 });
        at C:\repos\craft-fusion\apps\craft-web-e2e\src\admin\logs.spec.ts:13:16

    attachment #1: screenshot (image/png) ──────────────────────────────────────────────────────────
    ..\playwright\test-results\admin-logs-Admin---Logs-co-de25e--and-mat-labels-are-visible-firefox-retry1\test-failed-1.png
    ────────────────────────────────────────────────────────────────────────────────────────────────

    attachment #2: video (video/webm) ──────────────────────────────────────────────────────────────
    ..\playwright\test-results\admin-logs-Admin---Logs-co-de25e--and-mat-labels-are-visible-firefox-retry1\video.webm
    ────────────────────────────────────────────────────────────────────────────────────────────────

    Error Context: ..\playwright\test-results\admin-logs-Admin---Logs-co-de25e--and-mat-labels-are-visible-firefox-retry1\error-context.md

    attachment #4: trace (application/zip) ─────────────────────────────────────────────────────────
    ..\playwright\test-results\admin-logs-Admin---Logs-co-de25e--and-mat-labels-are-visible-firefox-retry1\trace.zip
    Usage:

        npx playwright show-trace ..\playwright\test-results\admin-logs-Admin---Logs-co-de25e--and-mat-labels-are-visible-firefox-retry1\trace.zip

    ────────────────────────────────────────────────────────────────────────────────────────────────
]]>
</failure>
<system-out>
<![CDATA[
[[ATTACHMENT|..\playwright\test-results\admin-logs-Admin---Logs-co-de25e--and-mat-labels-are-visible-firefox\test-failed-1.png]]

[[ATTACHMENT|..\playwright\test-results\admin-logs-Admin---Logs-co-de25e--and-mat-labels-are-visible-firefox\video.webm]]

[[ATTACHMENT|..\playwright\test-results\admin-logs-Admin---Logs-co-de25e--and-mat-labels-are-visible-firefox\error-context.md]]

[[ATTACHMENT|..\playwright\test-results\admin-logs-Admin---Logs-co-de25e--and-mat-labels-are-visible-firefox\trace.zip]]

[[ATTACHMENT|..\playwright\test-results\admin-logs-Admin---Logs-co-de25e--and-mat-labels-are-visible-firefox-retry1\test-failed-1.png]]

[[ATTACHMENT|..\playwright\test-results\admin-logs-Admin---Logs-co-de25e--and-mat-labels-are-visible-firefox-retry1\video.webm]]

[[ATTACHMENT|..\playwright\test-results\admin-logs-Admin---Logs-co-de25e--and-mat-labels-are-visible-firefox-retry1\error-context.md]]

[[ATTACHMENT|..\playwright\test-results\admin-logs-Admin---Logs-co-de25e--and-mat-labels-are-visible-firefox-retry1\trace.zip]]
]]>
</system-out>
</testcase>
<testcase name="Admin - Logs controls visibility › selects, inputs and action buttons are present and visible" classname="admin\logs.spec.ts" time="88.96">
<failure message="logs.spec.ts:30:7 selects, inputs and action buttons are present and visible" type="FAILURE">
<![CDATA[  [firefox] › admin\logs.spec.ts:30:7 › Admin - Logs controls visibility › selects, inputs and action buttons are present and visible 

    TimeoutError: page.waitForSelector: Timeout 30000ms exceeded.
    Call log:
      - waiting for locator('text=System Administration') to be visible


      11 |   test.beforeEach(async ({ page }) => {
      12 |     await loginAsAdmin(page, '/admin');
    > 13 |     await page.waitForSelector('text=System Administration', { timeout: 30000 });
         |                ^
      14 |
      15 |     const logsTab = page.getByRole('tab', { name: 'Logs' });
      16 |     await expect(logsTab).toBeVisible({ timeout: 5000 });
        at C:\repos\craft-fusion\apps\craft-web-e2e\src\admin\logs.spec.ts:13:16

    attachment #1: screenshot (image/png) ──────────────────────────────────────────────────────────
    ..\playwright\test-results\admin-logs-Admin---Logs-co-985aa-ons-are-present-and-visible-firefox\test-failed-1.png
    ────────────────────────────────────────────────────────────────────────────────────────────────

    attachment #2: video (video/webm) ──────────────────────────────────────────────────────────────
    ..\playwright\test-results\admin-logs-Admin---Logs-co-985aa-ons-are-present-and-visible-firefox\video.webm
    ────────────────────────────────────────────────────────────────────────────────────────────────

    Error Context: ..\playwright\test-results\admin-logs-Admin---Logs-co-985aa-ons-are-present-and-visible-firefox\error-context.md

    attachment #4: trace (application/zip) ─────────────────────────────────────────────────────────
    ..\playwright\test-results\admin-logs-Admin---Logs-co-985aa-ons-are-present-and-visible-firefox\trace.zip
    Usage:

        npx playwright show-trace ..\playwright\test-results\admin-logs-Admin---Logs-co-985aa-ons-are-present-and-visible-firefox\trace.zip

    ────────────────────────────────────────────────────────────────────────────────────────────────

    Retry #1 ───────────────────────────────────────────────────────────────────────────────────────

    TimeoutError: page.waitForSelector: Timeout 30000ms exceeded.
    Call log:
      - waiting for locator('text=System Administration') to be visible


      11 |   test.beforeEach(async ({ page }) => {
      12 |     await loginAsAdmin(page, '/admin');
    > 13 |     await page.waitForSelector('text=System Administration', { timeout: 30000 });
         |                ^
      14 |
      15 |     const logsTab = page.getByRole('tab', { name: 'Logs' });
      16 |     await expect(logsTab).toBeVisible({ timeout: 5000 });
        at C:\repos\craft-fusion\apps\craft-web-e2e\src\admin\logs.spec.ts:13:16

    attachment #1: screenshot (image/png) ──────────────────────────────────────────────────────────
    ..\playwright\test-results\admin-logs-Admin---Logs-co-985aa-ons-are-present-and-visible-firefox-retry1\test-failed-1.png
    ────────────────────────────────────────────────────────────────────────────────────────────────

    attachment #2: video (video/webm) ──────────────────────────────────────────────────────────────
    ..\playwright\test-results\admin-logs-Admin---Logs-co-985aa-ons-are-present-and-visible-firefox-retry1\video.webm
    ────────────────────────────────────────────────────────────────────────────────────────────────

    Error Context: ..\playwright\test-results\admin-logs-Admin---Logs-co-985aa-ons-are-present-and-visible-firefox-retry1\error-context.md

    attachment #4: trace (application/zip) ─────────────────────────────────────────────────────────
    ..\playwright\test-results\admin-logs-Admin---Logs-co-985aa-ons-are-present-and-visible-firefox-retry1\trace.zip
    Usage:

        npx playwright show-trace ..\playwright\test-results\admin-logs-Admin---Logs-co-985aa-ons-are-present-and-visible-firefox-retry1\trace.zip

    ────────────────────────────────────────────────────────────────────────────────────────────────
]]>
</failure>
<system-out>
<![CDATA[
[[ATTACHMENT|..\playwright\test-results\admin-logs-Admin---Logs-co-985aa-ons-are-present-and-visible-firefox\test-failed-1.png]]

[[ATTACHMENT|..\playwright\test-results\admin-logs-Admin---Logs-co-985aa-ons-are-present-and-visible-firefox\video.webm]]

[[ATTACHMENT|..\playwright\test-results\admin-logs-Admin---Logs-co-985aa-ons-are-present-and-visible-firefox\error-context.md]]

[[ATTACHMENT|..\playwright\test-results\admin-logs-Admin---Logs-co-985aa-ons-are-present-and-visible-firefox\trace.zip]]

[[ATTACHMENT|..\playwright\test-results\admin-logs-Admin---Logs-co-985aa-ons-are-present-and-visible-firefox-retry1\test-failed-1.png]]

[[ATTACHMENT|..\playwright\test-results\admin-logs-Admin---Logs-co-985aa-ons-are-present-and-visible-firefox-retry1\video.webm]]

[[ATTACHMENT|..\playwright\test-results\admin-logs-Admin---Logs-co-985aa-ons-are-present-and-visible-firefox-retry1\error-context.md]]

[[ATTACHMENT|..\playwright\test-results\admin-logs-Admin---Logs-co-985aa-ons-are-present-and-visible-firefox-retry1\trace.zip]]
]]>
</system-out>
</testcase>
</testsuite>
<testsuite name="admin-dashboard.spec.ts" timestamp="2026-01-09T02:59:25.254Z" hostname="firefox" tests="5" failures="5" skipped="0" time="422.061" errors="0">
<testcase name="Admin dashboard tabs › renders Overview tab" classname="admin-dashboard.spec.ts" time="89.985">
<failure message="admin-dashboard.spec.ts:24:9 renders Overview tab" type="FAILURE">
[...]
</testcase>
<testcase name="Admin Hero Area › should display Response Time tile with milliseconds" classname="admin-hero.spec.ts" time="15.157">
<failure message="admin-hero.spec.ts:104:7 should display Response Time tile with milliseconds" type="FAILURE">
<![CDATA[  [tablet] › admin-hero.spec.ts:104:7 › Admin Hero Area › should display Response Time tile with milliseconds 

    Error: expect(received).toMatch(expected)

    Expected pattern: /ms$/
    Received string:  " 0ms "

      107 |     
      108 |     const value = await responseTile.locator('.hero-tile-value').textContent();
    > 109 |     expect(value).toMatch(/ms$/); // Should end with ms
          |                   ^
      110 |   });
      111 |
      112 |   test('should apply correct status classes', async ({ page }) => {
        at C:\repos\craft-fusion\apps\craft-web-e2e\src\admin-hero.spec.ts:109:19

    attachment #1: screenshot (image/png) ──────────────────────────────────────────────────────────
    ..\playwright\test-results\admin-hero-Admin-Hero-Area-3b5cb-Time-tile-with-milliseconds-tablet\test-failed-1.png
    ────────────────────────────────────────────────────────────────────────────────────────────────

    attachment #2: video (video/webm) ──────────────────────────────────────────────────────────────
    ..\playwright\test-results\admin-hero-Admin-Hero-Area-3b5cb-Time-tile-with-milliseconds-tablet\video.webm
    ────────────────────────────────────────────────────────────────────────────────────────────────

    Error Context: ..\playwright\test-results\admin-hero-Admin-Hero-Area-3b5cb-Time-tile-with-milliseconds-tablet\error-context.md

    attachment #4: trace (application/zip) ─────────────────────────────────────────────────────────
    ..\playwright\test-results\admin-hero-Admin-Hero-Area-3b5cb-Time-tile-with-milliseconds-tablet\trace.zip
    Usage:

        npx playwright show-trace ..\playwright\test-results\admin-hero-Admin-Hero-Area-3b5cb-Time-tile-with-milliseconds-tablet\trace.zip

    ────────────────────────────────────────────────────────────────────────────────────────────────

    Retry #1 ───────────────────────────────────────────────────────────────────────────────────────

    Error: expect(received).toMatch(expected)

    Expected pattern: /ms$/
    Received string:  " 0ms "

      107 |     
      108 |     const value = await responseTile.locator('.hero-tile-value').textContent();
    > 109 |     expect(value).toMatch(/ms$/); // Should end with ms
          |                   ^
      110 |   });
      111 |
      112 |   test('should apply correct status classes', async ({ page }) => {
        at C:\repos\craft-fusion\apps\craft-web-e2e\src\admin-hero.spec.ts:109:19

    attachment #1: screenshot (image/png) ──────────────────────────────────────────────────────────
    ..\playwright\test-results\admin-hero-Admin-Hero-Area-3b5cb-Time-tile-with-milliseconds-tablet-retry1\test-failed-1.png
    ────────────────────────────────────────────────────────────────────────────────────────────────

    attachment #2: video (video/webm) ──────────────────────────────────────────────────────────────
    ..\playwright\test-results\admin-hero-Admin-Hero-Area-3b5cb-Time-tile-with-milliseconds-tablet-retry1\video.webm
    ────────────────────────────────────────────────────────────────────────────────────────────────

    Error Context: ..\playwright\test-results\admin-hero-Admin-Hero-Area-3b5cb-Time-tile-with-milliseconds-tablet-retry1\error-context.md

    attachment #4: trace (application/zip) ─────────────────────────────────────────────────────────
    ..\playwright\test-results\admin-hero-Admin-Hero-Area-3b5cb-Time-tile-with-milliseconds-tablet-retry1\trace.zip
    Usage:

        npx playwright show-trace ..\playwright\test-results\admin-hero-Admin-Hero-Area-3b5cb-Time-tile-with-milliseconds-tablet-retry1\trace.zip

    ────────────────────────────────────────────────────────────────────────────────────────────────
]]>
</failure>
<system-out>
<![CDATA[[AUTH] Authenticating with username: admin
[AUTH] Login response status: [33m200[39m
[AUTH] Login successful, cookies set in browser context

[[ATTACHMENT|..\playwright\test-results\admin-hero-Admin-Hero-Area-3b5cb-Time-tile-with-milliseconds-tablet\test-failed-1.png]]

[[ATTACHMENT|..\playwright\test-results\admin-hero-Admin-Hero-Area-3b5cb-Time-tile-with-milliseconds-tablet\video.webm]]

[[ATTACHMENT|..\playwright\test-results\admin-hero-Admin-Hero-Area-3b5cb-Time-tile-with-milliseconds-tablet\error-context.md]]

[[ATTACHMENT|..\playwright\test-results\admin-hero-Admin-Hero-Area-3b5cb-Time-tile-with-milliseconds-tablet\trace.zip]]
[AUTH] Authenticating with username: admin
[AUTH] Login response status: [33m200[39m
[AUTH] Login successful, cookies set in browser context

[[ATTACHMENT|..\playwright\test-results\admin-hero-Admin-Hero-Area-3b5cb-Time-tile-with-milliseconds-tablet-retry1\test-failed-1.png]]

[[ATTACHMENT|..\playwright\test-results\admin-hero-Admin-Hero-Area-3b5cb-Time-tile-with-milliseconds-tablet-retry1\video.webm]]

[[ATTACHMENT|..\playwright\test-results\admin-hero-Admin-Hero-Area-3b5cb-Time-tile-with-milliseconds-tablet-retry1\error-context.md]]

[[ATTACHMENT|..\playwright\test-results\admin-hero-Admin-Hero-Area-3b5cb-Time-tile-with-milliseconds-tablet-retry1\trace.zip]]
]]>
</system-out>
</testcase>
<testcase name="Admin Hero Area › should apply correct status classes" classname="admin-hero.spec.ts" time="7.02">
<system-out>
<![CDATA[[AUTH] Authenticating with username: admin
[AUTH] Login response status: [33m200[39m
[AUTH] Login successful, cookies set in browser context
]]>
</system-out>
</testcase>
<testcase name="Admin Hero Area › should show delta indicators when values change" classname="admin-hero.spec.ts" time="7.231">
<system-out>
<![CDATA[[AUTH] Authenticating with username: admin
[AUTH] Login response status: [33m200[39m
[AUTH] Login successful, cookies set in browser context
]]>
</system-out>
</testcase>
<testcase name="Admin Hero Area › should navigate to Logs tab when clicking Errors tile" classname="admin-hero.spec.ts" time="36.643">
<failure message="admin-hero.spec.ts:139:7 should navigate to Logs tab when clicking Errors tile" type="FAILURE">
<![CDATA[  [tablet] › admin-hero.spec.ts:139:7 › Admin Hero Area › should navigate to Logs tab when clicking Errors tile 

    Error: expect(locator).toContainText(expected) failed

    Locator: locator('.mat-tab-label-active')
    Expected substring: "Logs"
    Timeout: 10000ms
    Error: element(s) not found

    Call log:
      - Expect "toContainText" with timeout 10000ms
      - waiting for locator('.mat-tab-label-active')


      152 |       await page.waitForTimeout(500); // Wait for tab change animation
      153 |       const activeTab = page.locator('.mat-tab-label-active');
    > 154 |       await expect(activeTab).toContainText('Logs');
          |                               ^
      155 |     }
      156 |   });
      157 |
        at C:\repos\craft-fusion\apps\craft-web-e2e\src\admin-hero.spec.ts:154:31

    attachment #1: screenshot (image/png) ──────────────────────────────────────────────────────────
    ..\playwright\test-results\admin-hero-Admin-Hero-Area-9765b-b-when-clicking-Errors-tile-tablet\test-failed-1.png
    ────────────────────────────────────────────────────────────────────────────────────────────────

    attachment #2: video (video/webm) ──────────────────────────────────────────────────────────────
    ..\playwright\test-results\admin-hero-Admin-Hero-Area-9765b-b-when-clicking-Errors-tile-tablet\video.webm
    ────────────────────────────────────────────────────────────────────────────────────────────────

    Error Context: ..\playwright\test-results\admin-hero-Admin-Hero-Area-9765b-b-when-clicking-Errors-tile-tablet\error-context.md

    attachment #4: trace (application/zip) ─────────────────────────────────────────────────────────
    ..\playwright\test-results\admin-hero-Admin-Hero-Area-9765b-b-when-clicking-Errors-tile-tablet\trace.zip
    Usage:

        npx playwright show-trace ..\playwright\test-results\admin-hero-Admin-Hero-Area-9765b-b-when-clicking-Errors-tile-tablet\trace.zip

    ────────────────────────────────────────────────────────────────────────────────────────────────

    Retry #1 ───────────────────────────────────────────────────────────────────────────────────────

    Error: expect(locator).toContainText(expected) failed

    Locator: locator('.mat-tab-label-active')
    Expected substring: "Logs"
    Timeout: 10000ms
    Error: element(s) not found

    Call log:
      - Expect "toContainText" with timeout 10000ms
      - waiting for locator('.mat-tab-label-active')


      152 |       await page.waitForTimeout(500); // Wait for tab change animation
      153 |       const activeTab = page.locator('.mat-tab-label-active');
    > 154 |       await expect(activeTab).toContainText('Logs');
          |                               ^
      155 |     }
      156 |   });
      157 |
        at C:\repos\craft-fusion\apps\craft-web-e2e\src\admin-hero.spec.ts:154:31

    attachment #1: screenshot (image/png) ──────────────────────────────────────────────────────────
    ..\playwright\test-results\admin-hero-Admin-Hero-Area-9765b-b-when-clicking-Errors-tile-tablet-retry1\test-failed-1.png
    ────────────────────────────────────────────────────────────────────────────────────────────────

    attachment #2: video (video/webm) ──────────────────────────────────────────────────────────────
    ..\playwright\test-results\admin-hero-Admin-Hero-Area-9765b-b-when-clicking-Errors-tile-tablet-retry1\video.webm
    ────────────────────────────────────────────────────────────────────────────────────────────────

    Error Context: ..\playwright\test-results\admin-hero-Admin-Hero-Area-9765b-b-when-clicking-Errors-tile-tablet-retry1\error-context.md

    attachment #4: trace (application/zip) ─────────────────────────────────────────────────────────
    ..\playwright\test-results\admin-hero-Admin-Hero-Area-9765b-b-when-clicking-Errors-tile-tablet-retry1\trace.zip
    Usage:

        npx playwright show-trace ..\playwright\test-results\admin-hero-Admin-Hero-Area-9765b-b-when-clicking-Errors-tile-tablet-retry1\trace.zip

    ────────────────────────────────────────────────────────────────────────────────────────────────
]]>
</failure>
<system-out>
<![CDATA[[AUTH] Authenticating with username: admin
[AUTH] Login response status: [33m200[39m
[AUTH] Login successful, cookies set in browser context

[[ATTACHMENT|..\playwright\test-results\admin-hero-Admin-Hero-Area-9765b-b-when-clicking-Errors-tile-tablet\test-failed-1.png]]

[[ATTACHMENT|..\playwright\test-results\admin-hero-Admin-Hero-Area-9765b-b-when-clicking-Errors-tile-tablet\video.webm]]

[[ATTACHMENT|..\playwright\test-results\admin-hero-Admin-Hero-Area-9765b-b-when-clicking-Errors-tile-tablet\error-context.md]]

[[ATTACHMENT|..\playwright\test-results\admin-hero-Admin-Hero-Area-9765b-b-when-clicking-Errors-tile-tablet\trace.zip]]
[AUTH] Authenticating with username: admin
[AUTH] Login response status: [33m200[39m
[AUTH] Login successful, cookies set in browser context

[[ATTACHMENT|..\playwright\test-results\admin-hero-Admin-Hero-Area-9765b-b-when-clicking-Errors-tile-tablet-retry1\test-failed-1.png]]

[[ATTACHMENT|..\playwright\test-results\admin-hero-Admin-Hero-Area-9765b-b-when-clicking-Errors-tile-tablet-retry1\video.webm]]

[[ATTACHMENT|..\playwright\test-results\admin-hero-Admin-Hero-Area-9765b-b-when-clicking-Errors-tile-tablet-retry1\error-context.md]]

[[ATTACHMENT|..\playwright\test-results\admin-hero-Admin-Hero-Area-9765b-b-when-clicking-Errors-tile-tablet-retry1\trace.zip]]
]]>
</system-out>
</testcase>
<testcase name="Admin Hero Area › should remain visible when switching tabs" classname="admin-hero.spec.ts" time="30.985">
<failure message="admin-hero.spec.ts:158:7 should remain visible when switching tabs" type="FAILURE">
<![CDATA[  [tablet] › admin-hero.spec.ts:158:7 › Admin Hero Area › should remain visible when switching tabs 

    TimeoutError: locator.click: Timeout 10000ms exceeded.
    Call log:
      - waiting for locator('.mat-tab-label').filter({ hasText: 'Performance' })


      158 |   test('should remain visible when switching tabs', async ({ page }) => {
      159 |     // Click on Performance tab
    > 160 |     await page.locator('.mat-tab-label').filter({ hasText: 'Performance' }).click();
          |                                                                             ^
      161 |     await page.waitForTimeout(300);
      162 |     
      163 |     // Hero bar should still be visible
        at C:\repos\craft-fusion\apps\craft-web-e2e\src\admin-hero.spec.ts:160:77

    attachment #1: screenshot (image/png) ──────────────────────────────────────────────────────────
    ..\playwright\test-results\admin-hero-Admin-Hero-Area-cc11e-visible-when-switching-tabs-tablet\test-failed-1.png
    ────────────────────────────────────────────────────────────────────────────────────────────────

    attachment #2: video (video/webm) ──────────────────────────────────────────────────────────────
    ..\playwright\test-results\admin-hero-Admin-Hero-Area-cc11e-visible-when-switching-tabs-tablet\video.webm
    ────────────────────────────────────────────────────────────────────────────────────────────────

    Error Context: ..\playwright\test-results\admin-hero-Admin-Hero-Area-cc11e-visible-when-switching-tabs-tablet\error-context.md

    attachment #4: trace (application/zip) ─────────────────────────────────────────────────────────
    ..\playwright\test-results\admin-hero-Admin-Hero-Area-cc11e-visible-when-switching-tabs-tablet\trace.zip
    Usage:

        npx playwright show-trace ..\playwright\test-results\admin-hero-Admin-Hero-Area-cc11e-visible-when-switching-tabs-tablet\trace.zip

    ────────────────────────────────────────────────────────────────────────────────────────────────

    Retry #1 ───────────────────────────────────────────────────────────────────────────────────────

    TimeoutError: locator.click: Timeout 10000ms exceeded.
    Call log:
      - waiting for locator('.mat-tab-label').filter({ hasText: 'Performance' })


      158 |   test('should remain visible when switching tabs', async ({ page }) => {
      159 |     // Click on Performance tab
    > 160 |     await page.locator('.mat-tab-label').filter({ hasText: 'Performance' }).click();
          |                                                                             ^
      161 |     await page.waitForTimeout(300);
      162 |     
      163 |     // Hero bar should still be visible
        at C:\repos\craft-fusion\apps\craft-web-e2e\src\admin-hero.spec.ts:160:77

    attachment #1: screenshot (image/png) ──────────────────────────────────────────────────────────
    ..\playwright\test-results\admin-hero-Admin-Hero-Area-cc11e-visible-when-switching-tabs-tablet-retry1\test-failed-1.png
    ────────────────────────────────────────────────────────────────────────────────────────────────

    attachment #2: video (video/webm) ──────────────────────────────────────────────────────────────
    ..\playwright\test-results\admin-hero-Admin-Hero-Area-cc11e-visible-when-switching-tabs-tablet-retry1\video.webm
    ────────────────────────────────────────────────────────────────────────────────────────────────

    Error Context: ..\playwright\test-results\admin-hero-Admin-Hero-Area-cc11e-visible-when-switching-tabs-tablet-retry1\error-context.md

    attachment #4: trace (application/zip) ─────────────────────────────────────────────────────────
    ..\playwright\test-results\admin-hero-Admin-Hero-Area-cc11e-visible-when-switching-tabs-tablet-retry1\trace.zip
    Usage:

        npx playwright show-trace ..\playwright\test-results\admin-hero-Admin-Hero-Area-cc11e-visible-when-switching-tabs-tablet-retry1\trace.zip

    ────────────────────────────────────────────────────────────────────────────────────────────────
]]>
</failure>
<system-out>
<![CDATA[[AUTH] Authenticating with username: admin
[AUTH] Login response status: [33m200[39m
[AUTH] Login successful, cookies set in browser context

[[ATTACHMENT|..\playwright\test-results\admin-hero-Admin-Hero-Area-cc11e-visible-when-switching-tabs-tablet\test-failed-1.png]]

[[ATTACHMENT|..\playwright\test-results\admin-hero-Admin-Hero-Area-cc11e-visible-when-switching-tabs-tablet\video.webm]]

[[ATTACHMENT|..\playwright\test-results\admin-hero-Admin-Hero-Area-cc11e-visible-when-switching-tabs-tablet\error-context.md]]

[[ATTACHMENT|..\playwright\test-results\admin-hero-Admin-Hero-Area-cc11e-visible-when-switching-tabs-tablet\trace.zip]]
[AUTH] Authenticating with username: admin
[AUTH] Login response status: [33m200[39m
[AUTH] Login successful, cookies set in browser context

[[ATTACHMENT|..\playwright\test-results\admin-hero-Admin-Hero-Area-cc11e-visible-when-switching-tabs-tablet-retry1\test-failed-1.png]]

[[ATTACHMENT|..\playwright\test-results\admin-hero-Admin-Hero-Area-cc11e-visible-when-switching-tabs-tablet-retry1\video.webm]]

[[ATTACHMENT|..\playwright\test-results\admin-hero-Admin-Hero-Area-cc11e-visible-when-switching-tabs-tablet-retry1\error-context.md]]

[[ATTACHMENT|..\playwright\test-results\admin-hero-Admin-Hero-Area-cc11e-visible-when-switching-tabs-tablet-retry1\trace.zip]]
]]>
</system-out>
</testcase>
<testcase name="Admin Hero Area › should update metrics periodically" classname="admin-hero.spec.ts" time="10.504">
<system-out>
<![CDATA[[AUTH] Authenticating with username: admin
[AUTH] Login response status: [33m200[39m
[AUTH] Login successful, cookies set in browser context
]]>
</system-out>
</testcase>
<testcase name="Admin Hero Area › should be responsive on mobile viewport" classname="admin-hero.spec.ts" time="6.888">
<system-out>
<![CDATA[[AUTH] Authenticating with username: admin
[AUTH] Login response status: [33m200[39m
[AUTH] Login successful, cookies set in browser context
]]>
</system-out>
</testcase>
<testcase name="Admin Hero Area › should have proper ARIA labels for accessibility" classname="admin-hero.spec.ts" time="6.874">
<system-out>
<![CDATA[[AUTH] Authenticating with username: admin
[AUTH] Login response status: [33m200[39m
[AUTH] Login successful, cookies set in browser context
]]>
</system-out>
</testcase>
<testcase name="Admin Hero Area › should show pulse animation on critical errors" classname="admin-hero.spec.ts" time="6.59">
<system-out>
<![CDATA[[AUTH] Authenticating with username: admin
[AUTH] Login response status: [33m200[39m
[AUTH] Login successful, cookies set in browser context
]]>
</system-out>
</testcase>
<testcase name="Admin Hero Area › should update Data Mode tile when simulation is toggled" classname="admin-hero.spec.ts" time="9.678">
<system-out>
<![CDATA[[AUTH] Authenticating with username: admin
[AUTH] Login response status: [33m200[39m
[AUTH] Login successful, cookies set in browser context
]]>
</system-out>
</testcase>
</testsuite>
<testsuite name="auth-refresh.spec.ts" timestamp="2026-01-09T02:59:25.254Z" hostname="tablet" tests="1" failures="0" skipped="0" time="0.434" errors="0">
<testcase name="Auth refresh rotation › rotates refresh token and issues a new access token" classname="auth-refresh.spec.ts" time="0.434">
</testcase>
</testsuite>
<testsuite name="portfolio.spec.ts" timestamp="2026-01-09T02:59:25.254Z" hostname="tablet" tests="1" failures="0" skipped="0" time="3.834" errors="0">
<testcase name="displays portfolio title" classname="portfolio.spec.ts" time="3.834">
</testcase>
</testsuite>
<testsuite name="timeline.spec.ts" timestamp="2026-01-09T02:59:25.254Z" hostname="tablet" tests="1" failures="0" skipped="1" time="0" errors="0">
<testcase name="Timeline experience › expands an event card when Read more is clicked" classname="timeline.spec.ts" time="0">
<properties>
<property name="skip" value="">
</property>
</properties>
<skipped>
</skipped>
</testcase>
</testsuite>
</testsuites>