<testsuites id="" name="" tests="90" failures="3" skipped="0" errors="0" time="114.644751">
<testsuite name="admin-hero.spec.ts" timestamp="2026-01-09T16:12:50.467Z" hostname="chromium" tests="15" failures="0" skipped="0" time="133.962" errors="0">
<testcase name="Admin Hero Area › should display all 5 hero KPI tiles" classname="admin-hero.spec.ts" time="10.361">
<system-out>
<![CDATA[[AUTH] Authenticating with username: admin
[AUTH] Login response status: [33m200[39m
[AUTH] Login successful, cookies set in browser context
]]>
</system-out>
</testcase>
<testcase name="Admin Hero Area › should display Active Services tile with correct data" classname="admin-hero.spec.ts" time="10.247">
<system-out>
<![CDATA[[AUTH] Authenticating with username: admin
[AUTH] Login response status: [33m200[39m
[AUTH] Login successful, cookies set in browser context
]]>
</system-out>
</testcase>
<testcase name="Admin Hero Area › should display Success Rate tile with percentage" classname="admin-hero.spec.ts" time="10.269">
<system-out>
<![CDATA[[AUTH] Authenticating with username: admin
[AUTH] Login response status: [33m200[39m
[AUTH] Login successful, cookies set in browser context
]]>
</system-out>
</testcase>
<testcase name="Admin Hero Area › should display Errors tile with count" classname="admin-hero.spec.ts" time="10.251">
<system-out>
<![CDATA[[AUTH] Authenticating with username: admin
[AUTH] Login response status: [33m200[39m
[AUTH] Login successful, cookies set in browser context
]]>
</system-out>
</testcase>
<testcase name="Admin Hero Area › should display Data Mode tile with correct status" classname="admin-hero.spec.ts" time="10.066">
<system-out>
<![CDATA[[AUTH] Authenticating with username: admin
[AUTH] Login response status: [33m200[39m
[AUTH] Login successful, cookies set in browser context
]]>
</system-out>
</testcase>
<testcase name="Admin Hero Area › should display Response Time tile with milliseconds" classname="admin-hero.spec.ts" time="10.301">
<system-out>
<![CDATA[[AUTH] Authenticating with username: admin
[AUTH] Login response status: [33m200[39m
[AUTH] Login successful, cookies set in browser context
]]>
</system-out>
</testcase>
<testcase name="Admin Hero Area › should apply correct status classes" classname="admin-hero.spec.ts" time="10.182">
<system-out>
<![CDATA[[AUTH] Authenticating with username: admin
[AUTH] Login response status: [33m200[39m
[AUTH] Login successful, cookies set in browser context
]]>
</system-out>
</testcase>
<testcase name="Admin Hero Area › should show delta indicators when values change" classname="admin-hero.spec.ts" time="10.26">
<system-out>
<![CDATA[[AUTH] Authenticating with username: admin
[AUTH] Login response status: [33m200[39m
[AUTH] Login successful, cookies set in browser context
]]>
</system-out>
</testcase>
<testcase name="Admin Hero Area › should navigate to Logs tab when clicking Errors tile" classname="admin-hero.spec.ts" time="10.067">
<system-out>
<![CDATA[[AUTH] Authenticating with username: admin
[AUTH] Login response status: [33m200[39m
[AUTH] Login successful, cookies set in browser context
]]>
</system-out>
</testcase>
<testcase name="Admin Hero Area › should remain visible when switching tabs" classname="admin-hero.spec.ts" time="10.507">
<system-out>
<![CDATA[[AUTH] Authenticating with username: admin
[AUTH] Login response status: [33m200[39m
[AUTH] Login successful, cookies set in browser context
]]>
</system-out>
</testcase>
<testcase name="Admin Hero Area › should update metrics periodically" classname="admin-hero.spec.ts" time="11.383">
<system-out>
<![CDATA[[AUTH] Authenticating with username: admin
[AUTH] Login response status: [33m200[39m
[AUTH] Login successful, cookies set in browser context
]]>
</system-out>
</testcase>
<testcase name="Admin Hero Area › should be responsive on mobile viewport" classname="admin-hero.spec.ts" time="10.33">
<system-out>
<![CDATA[[AUTH] Authenticating with username: admin
[AUTH] Login response status: [33m200[39m
[AUTH] Login successful, cookies set in browser context
]]>
</system-out>
</testcase>
<testcase name="Admin Hero Area › should have proper ARIA labels for accessibility" classname="admin-hero.spec.ts" time="3.2">
<system-out>
<![CDATA[[AUTH] Authenticating with username: admin
[AUTH] Login response status: [33m200[39m
[AUTH] Login successful, cookies set in browser context
]]>
</system-out>
</testcase>
<testcase name="Admin Hero Area › should show pulse animation on critical errors" classname="admin-hero.spec.ts" time="3.266">
<system-out>
<![CDATA[[AUTH] Authenticating with username: admin
[AUTH] Login response status: [33m200[39m
[AUTH] Login successful, cookies set in browser context
]]>
</system-out>
</testcase>
<testcase name="Admin Hero Area › should update Data Mode tile when simulation is toggled" classname="admin-hero.spec.ts" time="3.272">
<system-out>
<![CDATA[[AUTH] Authenticating with username: admin
[AUTH] Login response status: [33m200[39m
[AUTH] Login successful, cookies set in browser context
]]>
</system-out>
</testcase>
</testsuite>
<testsuite name="admin-hero.spec.ts" timestamp="2026-01-09T16:12:50.467Z" hostname="firefox" tests="15" failures="0" skipped="0" time="339.681" errors="0">
<testcase name="Admin Hero Area › should display all 5 hero KPI tiles" classname="admin-hero.spec.ts" time="17.371">
<system-out>
<![CDATA[[AUTH] Authenticating with username: admin
[AUTH] Login response status: [33m200[39m
[AUTH] Login successful, cookies set in browser context
]]>
</system-out>
</testcase>
<testcase name="Admin Hero Area › should display Active Services tile with correct data" classname="admin-hero.spec.ts" time="72.495">
<system-out>
<![CDATA[[AUTH] Authenticating with username: admin
[AUTH] Login response status: [33m200[39m
[AUTH] Login successful, cookies set in browser context

[[ATTACHMENT|..\playwright\test-results\admin-hero-Admin-Hero-Area-38b32-ices-tile-with-correct-data-firefox\test-failed-1.png]]

[[ATTACHMENT|..\playwright\test-results\admin-hero-Admin-Hero-Area-38b32-ices-tile-with-correct-data-firefox\video.webm]]

[[ATTACHMENT|..\playwright\test-results\admin-hero-Admin-Hero-Area-38b32-ices-tile-with-correct-data-firefox\error-context.md]]

[[ATTACHMENT|..\playwright\test-results\admin-hero-Admin-Hero-Area-38b32-ices-tile-with-correct-data-firefox\trace.zip]]
[AUTH] Authenticating with username: admin
[AUTH] Login response status: [33m200[39m
[AUTH] Login successful, cookies set in browser context
]]>
</system-out>
</testcase>
<testcase name="Admin Hero Area › should display Success Rate tile with percentage" classname="admin-hero.spec.ts" time="16.056">
<system-out>
<![CDATA[[AUTH] Authenticating with username: admin
[AUTH] Login response status: [33m200[39m
[AUTH] Login successful, cookies set in browser context
]]>
</system-out>
</testcase>
<testcase name="Admin Hero Area › should display Errors tile with count" classname="admin-hero.spec.ts" time="17.617">
<system-out>
<![CDATA[[AUTH] Authenticating with username: admin
[AUTH] Login response status: [33m200[39m
[AUTH] Login successful, cookies set in browser context
]]>
</system-out>
</testcase>
<testcase name="Admin Hero Area › should display Data Mode tile with correct status" classname="admin-hero.spec.ts" time="11.92">
<system-out>
<![CDATA[[AUTH] Authenticating with username: admin
[AUTH] Login response status: [33m200[39m
[AUTH] Login successful, cookies set in browser context
]]>
</system-out>
</testcase>
<testcase name="Admin Hero Area › should display Response Time tile with milliseconds" classname="admin-hero.spec.ts" time="15.517">
<system-out>
<![CDATA[[AUTH] Authenticating with username: admin
[AUTH] Login response status: [33m200[39m
[AUTH] Login successful, cookies set in browser context
]]>
</system-out>
</testcase>
<testcase name="Admin Hero Area › should apply correct status classes" classname="admin-hero.spec.ts" time="14.549">
<system-out>
<![CDATA[[AUTH] Authenticating with username: admin
[AUTH] Login response status: [33m200[39m
[AUTH] Login successful, cookies set in browser context
]]>
</system-out>
</testcase>
<testcase name="Admin Hero Area › should show delta indicators when values change" classname="admin-hero.spec.ts" time="11.395">
<system-out>
<![CDATA[[AUTH] Authenticating with username: admin
[AUTH] Login response status: [33m200[39m
[AUTH] Login successful, cookies set in browser context
]]>
</system-out>
</testcase>
<testcase name="Admin Hero Area › should navigate to Logs tab when clicking Errors tile" classname="admin-hero.spec.ts" time="16.199">
<system-out>
<![CDATA[[AUTH] Authenticating with username: admin
[AUTH] Login response status: [33m200[39m
[AUTH] Login successful, cookies set in browser context
]]>
</system-out>
</testcase>
<testcase name="Admin Hero Area › should remain visible when switching tabs" classname="admin-hero.spec.ts" time="18.781">
<system-out>
<![CDATA[[AUTH] Authenticating with username: admin
[AUTH] Login response status: [33m200[39m
[AUTH] Login successful, cookies set in browser context
]]>
</system-out>
</testcase>
<testcase name="Admin Hero Area › should update metrics periodically" classname="admin-hero.spec.ts" time="19.651">
<system-out>
<![CDATA[[AUTH] Authenticating with username: admin
[AUTH] Login response status: [33m200[39m
[AUTH] Login successful, cookies set in browser context
]]>
</system-out>
</testcase>
<testcase name="Admin Hero Area › should be responsive on mobile viewport" classname="admin-hero.spec.ts" time="73.723">
<system-out>
<![CDATA[[AUTH] Authenticating with username: admin
[AUTH] Login response status: [33m200[39m
[AUTH] Login successful, cookies set in browser context

[[ATTACHMENT|..\playwright\test-results\admin-hero-Admin-Hero-Area-97f41-sponsive-on-mobile-viewport-firefox\test-failed-1.png]]

[[ATTACHMENT|..\playwright\test-results\admin-hero-Admin-Hero-Area-97f41-sponsive-on-mobile-viewport-firefox\video.webm]]

[[ATTACHMENT|..\playwright\test-results\admin-hero-Admin-Hero-Area-97f41-sponsive-on-mobile-viewport-firefox\error-context.md]]

[[ATTACHMENT|..\playwright\test-results\admin-hero-Admin-Hero-Area-97f41-sponsive-on-mobile-viewport-firefox\trace.zip]]
[AUTH] Authenticating with username: admin
[AUTH] Login response status: [33m200[39m
[AUTH] Login successful, cookies set in browser context
]]>
</system-out>
</testcase>
<testcase name="Admin Hero Area › should have proper ARIA labels for accessibility" classname="admin-hero.spec.ts" time="12.289">
<system-out>
<![CDATA[[AUTH] Authenticating with username: admin
[AUTH] Login response status: [33m200[39m
[AUTH] Login successful, cookies set in browser context
]]>
</system-out>
</testcase>
<testcase name="Admin Hero Area › should show pulse animation on critical errors" classname="admin-hero.spec.ts" time="11.547">
<system-out>
<![CDATA[[AUTH] Authenticating with username: admin
[AUTH] Login response status: [33m200[39m
[AUTH] Login successful, cookies set in browser context
]]>
</system-out>
</testcase>
<testcase name="Admin Hero Area › should update Data Mode tile when simulation is toggled" classname="admin-hero.spec.ts" time="10.571">
<system-out>
<![CDATA[[AUTH] Authenticating with username: admin
[AUTH] Login response status: [33m200[39m
[AUTH] Login successful, cookies set in browser context
]]>
</system-out>
</testcase>
</testsuite>
<testsuite name="admin-hero.spec.ts" timestamp="2026-01-09T16:12:50.467Z" hostname="webkit" tests="15" failures="0" skipped="0" time="135.021" errors="0">
<testcase name="Admin Hero Area › should display all 5 hero KPI tiles" classname="admin-hero.spec.ts" time="8.376">
<system-out>
<![CDATA[[AUTH] Authenticating with username: admin
[AUTH] Login response status: [33m200[39m
[AUTH] Login successful, cookies set in browser context
]]>
</system-out>
</testcase>
<testcase name="Admin Hero Area › should display Active Services tile with correct data" classname="admin-hero.spec.ts" time="8.502">
<system-out>
<![CDATA[[AUTH] Authenticating with username: admin
[AUTH] Login response status: [33m200[39m
[AUTH] Login successful, cookies set in browser context
]]>
</system-out>
</testcase>
<testcase name="Admin Hero Area › should display Success Rate tile with percentage" classname="admin-hero.spec.ts" time="8.243">
<system-out>
<![CDATA[[AUTH] Authenticating with username: admin
[AUTH] Login response status: [33m200[39m
[AUTH] Login successful, cookies set in browser context
]]>
</system-out>
</testcase>
<testcase name="Admin Hero Area › should display Errors tile with count" classname="admin-hero.spec.ts" time="8.153">
<system-out>
<![CDATA[[AUTH] Authenticating with username: admin
[AUTH] Login response status: [33m200[39m
[AUTH] Login successful, cookies set in browser context
]]>
</system-out>
</testcase>
<testcase name="Admin Hero Area › should display Data Mode tile with correct status" classname="admin-hero.spec.ts" time="8.39">
<system-out>
<![CDATA[[AUTH] Authenticating with username: admin
[AUTH] Login response status: [33m200[39m
[AUTH] Login successful, cookies set in browser context
]]>
</system-out>
</testcase>
<testcase name="Admin Hero Area › should display Response Time tile with milliseconds" classname="admin-hero.spec.ts" time="8.625">
<system-out>
<![CDATA[[AUTH] Authenticating with username: admin
[AUTH] Login response status: [33m200[39m
[AUTH] Login successful, cookies set in browser context
]]>
</system-out>
</testcase>
<testcase name="Admin Hero Area › should apply correct status classes" classname="admin-hero.spec.ts" time="8.952">
<system-out>
<![CDATA[[AUTH] Authenticating with username: admin
[AUTH] Login response status: [33m200[39m
[AUTH] Login successful, cookies set in browser context
]]>
</system-out>
</testcase>
<testcase name="Admin Hero Area › should show delta indicators when values change" classname="admin-hero.spec.ts" time="9.201">
<system-out>
<![CDATA[[AUTH] Authenticating with username: admin
[AUTH] Login response status: [33m200[39m
[AUTH] Login successful, cookies set in browser context
]]>
</system-out>
</testcase>
<testcase name="Admin Hero Area › should navigate to Logs tab when clicking Errors tile" classname="admin-hero.spec.ts" time="9.301">
<system-out>
<![CDATA[[AUTH] Authenticating with username: admin
[AUTH] Login response status: [33m200[39m
[AUTH] Login successful, cookies set in browser context
]]>
</system-out>
</testcase>
<testcase name="Admin Hero Area › should remain visible when switching tabs" classname="admin-hero.spec.ts" time="10.082">
<system-out>
<![CDATA[[AUTH] Authenticating with username: admin
[AUTH] Login response status: [33m200[39m
[AUTH] Login successful, cookies set in browser context
]]>
</system-out>
</testcase>
<testcase name="Admin Hero Area › should update metrics periodically" classname="admin-hero.spec.ts" time="10.952">
<system-out>
<![CDATA[[AUTH] Authenticating with username: admin
[AUTH] Login response status: [33m200[39m
[AUTH] Login successful, cookies set in browser context
]]>
</system-out>
</testcase>
<testcase name="Admin Hero Area › should be responsive on mobile viewport" classname="admin-hero.spec.ts" time="9.035">
<system-out>
<![CDATA[[AUTH] Authenticating with username: admin
[AUTH] Login response status: [33m200[39m
[AUTH] Login successful, cookies set in browser context
]]>
</system-out>
</testcase>
<testcase name="Admin Hero Area › should have proper ARIA labels for accessibility" classname="admin-hero.spec.ts" time="8.84">
<system-out>
<![CDATA[[AUTH] Authenticating with username: admin
[AUTH] Login response status: [33m200[39m
[AUTH] Login successful, cookies set in browser context
]]>
</system-out>
</testcase>
<testcase name="Admin Hero Area › should show pulse animation on critical errors" classname="admin-hero.spec.ts" time="8.828">
<system-out>
<![CDATA[[AUTH] Authenticating with username: admin
[AUTH] Login response status: [33m200[39m
[AUTH] Login successful, cookies set in browser context
]]>
</system-out>
</testcase>
<testcase name="Admin Hero Area › should update Data Mode tile when simulation is toggled" classname="admin-hero.spec.ts" time="9.541">
<system-out>
<![CDATA[[AUTH] Authenticating with username: admin
[AUTH] Login response status: [33m200[39m
[AUTH] Login successful, cookies set in browser context
]]>
</system-out>
</testcase>
</testsuite>
<testsuite name="admin-hero.spec.ts" timestamp="2026-01-09T16:12:50.467Z" hostname="mobile-chrome" tests="15" failures="1" skipped="0" time="100.692" errors="0">
<testcase name="Admin Hero Area › should display all 5 hero KPI tiles" classname="admin-hero.spec.ts" time="4.317">
<system-out>
<![CDATA[[AUTH] Authenticating with username: admin
[AUTH] Login response status: [33m200[39m
[AUTH] Login successful, cookies set in browser context
]]>
</system-out>
</testcase>
<testcase name="Admin Hero Area › should display Active Services tile with correct data" classname="admin-hero.spec.ts" time="4.461">
<system-out>
<![CDATA[[AUTH] Authenticating with username: admin
[AUTH] Login response status: [33m200[39m
[AUTH] Login successful, cookies set in browser context
]]>
</system-out>
</testcase>
<testcase name="Admin Hero Area › should display Success Rate tile with percentage" classname="admin-hero.spec.ts" time="4.325">
<system-out>
<![CDATA[[AUTH] Authenticating with username: admin
[AUTH] Login response status: [33m200[39m
[AUTH] Login successful, cookies set in browser context
]]>
</system-out>
</testcase>
<testcase name="Admin Hero Area › should display Errors tile with count" classname="admin-hero.spec.ts" time="4.31">
<system-out>
<![CDATA[[AUTH] Authenticating with username: admin
[AUTH] Login response status: [33m200[39m
[AUTH] Login successful, cookies set in browser context
]]>
</system-out>
</testcase>
<testcase name="Admin Hero Area › should display Data Mode tile with correct status" classname="admin-hero.spec.ts" time="5.109">
<system-out>
<![CDATA[[AUTH] Authenticating with username: admin
[AUTH] Login response status: [33m200[39m
[AUTH] Login successful, cookies set in browser context
]]>
</system-out>
</testcase>
<testcase name="Admin Hero Area › should display Response Time tile with milliseconds" classname="admin-hero.spec.ts" time="4.619">
<system-out>
<![CDATA[[AUTH] Authenticating with username: admin
[AUTH] Login response status: [33m200[39m
[AUTH] Login successful, cookies set in browser context
]]>
</system-out>
</testcase>
<testcase name="Admin Hero Area › should apply correct status classes" classname="admin-hero.spec.ts" time="4.998">
<system-out>
<![CDATA[[AUTH] Authenticating with username: admin
[AUTH] Login response status: [33m200[39m
[AUTH] Login successful, cookies set in browser context
]]>
</system-out>
</testcase>
<testcase name="Admin Hero Area › should show delta indicators when values change" classname="admin-hero.spec.ts" time="5.203">
<system-out>
<![CDATA[[AUTH] Authenticating with username: admin
[AUTH] Login response status: [33m200[39m
[AUTH] Login successful, cookies set in browser context
]]>
</system-out>
</testcase>
<testcase name="Admin Hero Area › should navigate to Logs tab when clicking Errors tile" classname="admin-hero.spec.ts" time="5.271">
<system-out>
<![CDATA[[AUTH] Authenticating with username: admin
[AUTH] Login response status: [33m200[39m
[AUTH] Login successful, cookies set in browser context
]]>
</system-out>
</testcase>
<testcase name="Admin Hero Area › should remain visible when switching tabs" classname="admin-hero.spec.ts" time="5.751">
<system-out>
<![CDATA[[AUTH] Authenticating with username: admin
[AUTH] Login response status: [33m200[39m
[AUTH] Login successful, cookies set in browser context
]]>
</system-out>
</testcase>
<testcase name="Admin Hero Area › should update metrics periodically" classname="admin-hero.spec.ts" time="7.471">
<system-out>
<![CDATA[[AUTH] Authenticating with username: admin
[AUTH] Login response status: [33m200[39m
[AUTH] Login successful, cookies set in browser context
]]>
</system-out>
</testcase>
<testcase name="Admin Hero Area › should be responsive on mobile viewport" classname="admin-hero.spec.ts" time="4.943">
<system-out>
<![CDATA[[AUTH] Authenticating with username: admin
[AUTH] Login response status: [33m200[39m
[AUTH] Login successful, cookies set in browser context
]]>
</system-out>
</testcase>
<testcase name="Admin Hero Area › should have proper ARIA labels for accessibility" classname="admin-hero.spec.ts" time="4.185">
<system-out>
<![CDATA[[AUTH] Authenticating with username: admin
[AUTH] Login response status: [33m200[39m
[AUTH] Login successful, cookies set in browser context
]]>
</system-out>
</testcase>
<testcase name="Admin Hero Area › should show pulse animation on critical errors" classname="admin-hero.spec.ts" time="4.669">
<system-out>
<![CDATA[[AUTH] Authenticating with username: admin
[AUTH] Login response status: [33m200[39m
[AUTH] Login successful, cookies set in browser context
]]>
</system-out>
</testcase>
<testcase name="Admin Hero Area › should update Data Mode tile when simulation is toggled" classname="admin-hero.spec.ts" time="31.06">
<failure message="admin-hero.spec.ts:217:7 should update Data Mode tile when simulation is toggled" type="FAILURE">
<![CDATA[  [mobile-chrome] › admin-hero.spec.ts:217:7 › Admin Hero Area › should update Data Mode tile when simulation is toggled 

    TimeoutError: page.waitForFunction: Timeout 10000ms exceeded.

      231 |     await simulationToggle.click({ force: true });
      232 |
    > 233 |     await page.waitForFunction(
          |                ^
      234 |       ({ label, expected }) => {
      235 |         const tiles = Array.from(document.querySelectorAll('.hero-tile'));
      236 |         const target = tiles.find(tile => {
        at C:\repos\craft-fusion\apps\craft-web-e2e\src\admin-hero.spec.ts:233:16

    attachment #1: screenshot (image/png) ──────────────────────────────────────────────────────────
    ..\playwright\test-results\admin-hero-Admin-Hero-Area-2b86d--when-simulation-is-toggled-mobile-chrome\test-failed-1.png
    ────────────────────────────────────────────────────────────────────────────────────────────────

    attachment #2: video (video/webm) ──────────────────────────────────────────────────────────────
    ..\playwright\test-results\admin-hero-Admin-Hero-Area-2b86d--when-simulation-is-toggled-mobile-chrome\video.webm
    ────────────────────────────────────────────────────────────────────────────────────────────────

    Error Context: ..\playwright\test-results\admin-hero-Admin-Hero-Area-2b86d--when-simulation-is-toggled-mobile-chrome\error-context.md

    attachment #4: trace (application/zip) ─────────────────────────────────────────────────────────
    ..\playwright\test-results\admin-hero-Admin-Hero-Area-2b86d--when-simulation-is-toggled-mobile-chrome\trace.zip
    Usage:

        pnpm exec playwright show-trace ..\playwright\test-results\admin-hero-Admin-Hero-Area-2b86d--when-simulation-is-toggled-mobile-chrome\trace.zip

    ────────────────────────────────────────────────────────────────────────────────────────────────

    Retry #1 ───────────────────────────────────────────────────────────────────────────────────────

    TimeoutError: page.waitForFunction: Timeout 10000ms exceeded.

      231 |     await simulationToggle.click({ force: true });
      232 |
    > 233 |     await page.waitForFunction(
          |                ^
      234 |       ({ label, expected }) => {
      235 |         const tiles = Array.from(document.querySelectorAll('.hero-tile'));
      236 |         const target = tiles.find(tile => {
        at C:\repos\craft-fusion\apps\craft-web-e2e\src\admin-hero.spec.ts:233:16

    attachment #1: screenshot (image/png) ──────────────────────────────────────────────────────────
    ..\playwright\test-results\admin-hero-Admin-Hero-Area-2b86d--when-simulation-is-toggled-mobile-chrome-retry1\test-failed-1.png
    ────────────────────────────────────────────────────────────────────────────────────────────────

    attachment #2: video (video/webm) ──────────────────────────────────────────────────────────────
    ..\playwright\test-results\admin-hero-Admin-Hero-Area-2b86d--when-simulation-is-toggled-mobile-chrome-retry1\video.webm
    ────────────────────────────────────────────────────────────────────────────────────────────────

    Error Context: ..\playwright\test-results\admin-hero-Admin-Hero-Area-2b86d--when-simulation-is-toggled-mobile-chrome-retry1\error-context.md

    attachment #4: trace (application/zip) ─────────────────────────────────────────────────────────
    ..\playwright\test-results\admin-hero-Admin-Hero-Area-2b86d--when-simulation-is-toggled-mobile-chrome-retry1\trace.zip
    Usage:

        pnpm exec playwright show-trace ..\playwright\test-results\admin-hero-Admin-Hero-Area-2b86d--when-simulation-is-toggled-mobile-chrome-retry1\trace.zip

    ────────────────────────────────────────────────────────────────────────────────────────────────
]]>
</failure>
<system-out>
<![CDATA[[AUTH] Authenticating with username: admin
[AUTH] Login response status: [33m200[39m
[AUTH] Login successful, cookies set in browser context

[[ATTACHMENT|..\playwright\test-results\admin-hero-Admin-Hero-Area-2b86d--when-simulation-is-toggled-mobile-chrome\test-failed-1.png]]

[[ATTACHMENT|..\playwright\test-results\admin-hero-Admin-Hero-Area-2b86d--when-simulation-is-toggled-mobile-chrome\video.webm]]

[[ATTACHMENT|..\playwright\test-results\admin-hero-Admin-Hero-Area-2b86d--when-simulation-is-toggled-mobile-chrome\error-context.md]]

[[ATTACHMENT|..\playwright\test-results\admin-hero-Admin-Hero-Area-2b86d--when-simulation-is-toggled-mobile-chrome\trace.zip]]
[AUTH] Authenticating with username: admin
[AUTH] Login response status: [33m200[39m
[AUTH] Login successful, cookies set in browser context

[[ATTACHMENT|..\playwright\test-results\admin-hero-Admin-Hero-Area-2b86d--when-simulation-is-toggled-mobile-chrome-retry1\test-failed-1.png]]

[[ATTACHMENT|..\playwright\test-results\admin-hero-Admin-Hero-Area-2b86d--when-simulation-is-toggled-mobile-chrome-retry1\video.webm]]

[[ATTACHMENT|..\playwright\test-results\admin-hero-Admin-Hero-Area-2b86d--when-simulation-is-toggled-mobile-chrome-retry1\error-context.md]]

[[ATTACHMENT|..\playwright\test-results\admin-hero-Admin-Hero-Area-2b86d--when-simulation-is-toggled-mobile-chrome-retry1\trace.zip]]
]]>
</system-out>
</testcase>
</testsuite>
<testsuite name="admin-hero.spec.ts" timestamp="2026-01-09T16:12:50.467Z" hostname="mobile-safari" tests="15" failures="2" skipped="0" time="157.715" errors="0">
<testcase name="Admin Hero Area › should display all 5 hero KPI tiles" classname="admin-hero.spec.ts" time="7.605">
<system-out>
<![CDATA[[AUTH] Authenticating with username: admin
[AUTH] Login response status: [33m200[39m
[AUTH] Login successful, cookies set in browser context
]]>
</system-out>
</testcase>
<testcase name="Admin Hero Area › should display Active Services tile with correct data" classname="admin-hero.spec.ts" time="7.435">
<system-out>
<![CDATA[[AUTH] Authenticating with username: admin
[AUTH] Login response status: [33m200[39m
[AUTH] Login successful, cookies set in browser context
]]>
</system-out>
</testcase>
<testcase name="Admin Hero Area › should display Success Rate tile with percentage" classname="admin-hero.spec.ts" time="7.714">
<system-out>
<![CDATA[[AUTH] Authenticating with username: admin
[AUTH] Login response status: [33m200[39m
[AUTH] Login successful, cookies set in browser context
]]>
</system-out>
</testcase>
<testcase name="Admin Hero Area › should display Errors tile with count" classname="admin-hero.spec.ts" time="7.634">
<system-out>
<![CDATA[[AUTH] Authenticating with username: admin
[AUTH] Login response status: [33m200[39m
[AUTH] Login successful, cookies set in browser context
]]>
</system-out>
</testcase>
<testcase name="Admin Hero Area › should display Data Mode tile with correct status" classname="admin-hero.spec.ts" time="8.169">
<system-out>
<![CDATA[[AUTH] Authenticating with username: admin
[AUTH] Login response status: [33m200[39m
[AUTH] Login successful, cookies set in browser context
]]>
</system-out>
</testcase>
<testcase name="Admin Hero Area › should display Response Time tile with milliseconds" classname="admin-hero.spec.ts" time="7.611">
<system-out>
<![CDATA[[AUTH] Authenticating with username: admin
[AUTH] Login response status: [33m200[39m
[AUTH] Login successful, cookies set in browser context
]]>
</system-out>
</testcase>
<testcase name="Admin Hero Area › should apply correct status classes" classname="admin-hero.spec.ts" time="8.062">
<system-out>
<![CDATA[[AUTH] Authenticating with username: admin
[AUTH] Login response status: [33m200[39m
[AUTH] Login successful, cookies set in browser context
]]>
</system-out>
</testcase>
<testcase name="Admin Hero Area › should show delta indicators when values change" classname="admin-hero.spec.ts" time="7.663">
<system-out>
<![CDATA[[AUTH] Authenticating with username: admin
[AUTH] Login response status: [33m200[39m
[AUTH] Login successful, cookies set in browser context
]]>
</system-out>
</testcase>
<testcase name="Admin Hero Area › should navigate to Logs tab when clicking Errors tile" classname="admin-hero.spec.ts" time="37.084">
<failure message="admin-hero.spec.ts:139:7 should navigate to Logs tab when clicking Errors tile" type="FAILURE">
<![CDATA[  [mobile-safari] › admin-hero.spec.ts:139:7 › Admin Hero Area › should navigate to Logs tab when clicking Errors tile 

    Error: expect(locator).toHaveAttribute(expected) failed

    Locator:  getByRole('tab', { name: 'Logs' })
    Expected: "true"
    Received: "false"
    Timeout:  10000ms

    Call log:
      - Expect "toHaveAttribute" with timeout 10000ms
      - waiting for getByRole('tab', { name: 'Logs' })
        13 × locator resolved to <div role="tab" tabindex="-1" aria-setsize="4" aria-posinset="4" mattablabelwrapper="" aria-selected="false" aria-disabled="false" cdkmonitorelementfocus="" ng-reflect-disabled="false" id="mat-tab-group-0-label-3" ng-reflect-fit-ink-bar-to-content="false" aria-controls="mat-tab-group-0-content-3" class="mdc-tab mat-mdc-tab mat-focus-indicator ng-star-inserted">…</div>
           - unexpected value "false"


      149 |       await errorsTile.click({ force: true });
      150 |       const logsTab = page.getByRole('tab', { name: 'Logs' });
    > 151 |       await expect(logsTab).toHaveAttribute('aria-selected', 'true', { timeout: 10000 });
          |                             ^
      152 |     }
      153 |   });
      154 |
        at C:\repos\craft-fusion\apps\craft-web-e2e\src\admin-hero.spec.ts:151:29

    attachment #1: screenshot (image/png) ──────────────────────────────────────────────────────────
    ..\playwright\test-results\admin-hero-Admin-Hero-Area-9765b-b-when-clicking-Errors-tile-mobile-safari\test-failed-1.png
    ────────────────────────────────────────────────────────────────────────────────────────────────

    attachment #2: video (video/webm) ──────────────────────────────────────────────────────────────
    ..\playwright\test-results\admin-hero-Admin-Hero-Area-9765b-b-when-clicking-Errors-tile-mobile-safari\video.webm
    ────────────────────────────────────────────────────────────────────────────────────────────────

    Error Context: ..\playwright\test-results\admin-hero-Admin-Hero-Area-9765b-b-when-clicking-Errors-tile-mobile-safari\error-context.md

    attachment #4: trace (application/zip) ─────────────────────────────────────────────────────────
    ..\playwright\test-results\admin-hero-Admin-Hero-Area-9765b-b-when-clicking-Errors-tile-mobile-safari\trace.zip
    Usage:

        pnpm exec playwright show-trace ..\playwright\test-results\admin-hero-Admin-Hero-Area-9765b-b-when-clicking-Errors-tile-mobile-safari\trace.zip

    ────────────────────────────────────────────────────────────────────────────────────────────────

    Retry #1 ───────────────────────────────────────────────────────────────────────────────────────

    Error: expect(locator).toHaveAttribute(expected) failed

    Locator:  getByRole('tab', { name: 'Logs' })
    Expected: "true"
    Received: "false"
    Timeout:  10000ms

    Call log:
      - Expect "toHaveAttribute" with timeout 10000ms
      - waiting for getByRole('tab', { name: 'Logs' })
        13 × locator resolved to <div role="tab" tabindex="-1" aria-setsize="4" aria-posinset="4" mattablabelwrapper="" aria-selected="false" aria-disabled="false" cdkmonitorelementfocus="" ng-reflect-disabled="false" id="mat-tab-group-0-label-3" ng-reflect-fit-ink-bar-to-content="false" aria-controls="mat-tab-group-0-content-3" class="mdc-tab mat-mdc-tab mat-focus-indicator ng-star-inserted">…</div>
           - unexpected value "false"


      149 |       await errorsTile.click({ force: true });
      150 |       const logsTab = page.getByRole('tab', { name: 'Logs' });
    > 151 |       await expect(logsTab).toHaveAttribute('aria-selected', 'true', { timeout: 10000 });
          |                             ^
      152 |     }
      153 |   });
      154 |
        at C:\repos\craft-fusion\apps\craft-web-e2e\src\admin-hero.spec.ts:151:29

    attachment #1: screenshot (image/png) ──────────────────────────────────────────────────────────
    ..\playwright\test-results\admin-hero-Admin-Hero-Area-9765b-b-when-clicking-Errors-tile-mobile-safari-retry1\test-failed-1.png
    ────────────────────────────────────────────────────────────────────────────────────────────────

    attachment #2: video (video/webm) ──────────────────────────────────────────────────────────────
    ..\playwright\test-results\admin-hero-Admin-Hero-Area-9765b-b-when-clicking-Errors-tile-mobile-safari-retry1\video.webm
    ────────────────────────────────────────────────────────────────────────────────────────────────

    Error Context: ..\playwright\test-results\admin-hero-Admin-Hero-Area-9765b-b-when-clicking-Errors-tile-mobile-safari-retry1\error-context.md

    attachment #4: trace (application/zip) ─────────────────────────────────────────────────────────
    ..\playwright\test-results\admin-hero-Admin-Hero-Area-9765b-b-when-clicking-Errors-tile-mobile-safari-retry1\trace.zip
    Usage:

        pnpm exec playwright show-trace ..\playwright\test-results\admin-hero-Admin-Hero-Area-9765b-b-when-clicking-Errors-tile-mobile-safari-retry1\trace.zip

    ────────────────────────────────────────────────────────────────────────────────────────────────
]]>
</failure>
<system-out>
<![CDATA[[AUTH] Authenticating with username: admin
[AUTH] Login response status: [33m200[39m
[AUTH] Login successful, cookies set in browser context

[[ATTACHMENT|..\playwright\test-results\admin-hero-Admin-Hero-Area-9765b-b-when-clicking-Errors-tile-mobile-safari\test-failed-1.png]]

[[ATTACHMENT|..\playwright\test-results\admin-hero-Admin-Hero-Area-9765b-b-when-clicking-Errors-tile-mobile-safari\video.webm]]

[[ATTACHMENT|..\playwright\test-results\admin-hero-Admin-Hero-Area-9765b-b-when-clicking-Errors-tile-mobile-safari\error-context.md]]

[[ATTACHMENT|..\playwright\test-results\admin-hero-Admin-Hero-Area-9765b-b-when-clicking-Errors-tile-mobile-safari\trace.zip]]
[AUTH] Authenticating with username: admin
[AUTH] Login response status: [33m200[39m
[AUTH] Login successful, cookies set in browser context

[[ATTACHMENT|..\playwright\test-results\admin-hero-Admin-Hero-Area-9765b-b-when-clicking-Errors-tile-mobile-safari-retry1\test-failed-1.png]]

[[ATTACHMENT|..\playwright\test-results\admin-hero-Admin-Hero-Area-9765b-b-when-clicking-Errors-tile-mobile-safari-retry1\video.webm]]

[[ATTACHMENT|..\playwright\test-results\admin-hero-Admin-Hero-Area-9765b-b-when-clicking-Errors-tile-mobile-safari-retry1\error-context.md]]

[[ATTACHMENT|..\playwright\test-results\admin-hero-Admin-Hero-Area-9765b-b-when-clicking-Errors-tile-mobile-safari-retry1\trace.zip]]
]]>
</system-out>
</testcase>
<testcase name="Admin Hero Area › should remain visible when switching tabs" classname="admin-hero.spec.ts" time="8.794">
<system-out>
<![CDATA[[AUTH] Authenticating with username: admin
[AUTH] Login response status: [33m200[39m
[AUTH] Login successful, cookies set in browser context
]]>
</system-out>
</testcase>
<testcase name="Admin Hero Area › should update metrics periodically" classname="admin-hero.spec.ts" time="9.819">
<system-out>
<![CDATA[[AUTH] Authenticating with username: admin
[AUTH] Login response status: [33m200[39m
[AUTH] Login successful, cookies set in browser context
]]>
</system-out>
</testcase>
<testcase name="Admin Hero Area › should be responsive on mobile viewport" classname="admin-hero.spec.ts" time="7.604">
<system-out>
<![CDATA[[AUTH] Authenticating with username: admin
[AUTH] Login response status: [33m200[39m
[AUTH] Login successful, cookies set in browser context
]]>
</system-out>
</testcase>
<testcase name="Admin Hero Area › should have proper ARIA labels for accessibility" classname="admin-hero.spec.ts" time="6.841">
<system-out>
<![CDATA[[AUTH] Authenticating with username: admin
[AUTH] Login response status: [33m200[39m
[AUTH] Login successful, cookies set in browser context
]]>
</system-out>
</testcase>
<testcase name="Admin Hero Area › should show pulse animation on critical errors" classname="admin-hero.spec.ts" time="6.969">
<system-out>
<![CDATA[[AUTH] Authenticating with username: admin
[AUTH] Login response status: [33m200[39m
[AUTH] Login successful, cookies set in browser context
]]>
</system-out>
</testcase>
<testcase name="Admin Hero Area › should update Data Mode tile when simulation is toggled" classname="admin-hero.spec.ts" time="18.711">
<failure message="admin-hero.spec.ts:217:7 should update Data Mode tile when simulation is toggled" type="FAILURE">
<![CDATA[  [mobile-safari] › admin-hero.spec.ts:217:7 › Admin Hero Area › should update Data Mode tile when simulation is toggled 

    Error: expect(received).toBe(expected) // Object.is equality

    Expected: "Simulated"
    Received: "Live"

      247 |     // Get new state
      248 |     const newValue = (await valueLocator.textContent())?.trim() ?? '';
    > 249 |     expect(newValue).toBe(targetValue);
          |                      ^
      250 |     
      251 |     // Should show simulated metrics when in simulation mode
      252 |     if (newValue.includes('Simulated')) {
        at C:\repos\craft-fusion\apps\craft-web-e2e\src\admin-hero.spec.ts:249:22

    attachment #1: screenshot (image/png) ──────────────────────────────────────────────────────────
    ..\playwright\test-results\admin-hero-Admin-Hero-Area-2b86d--when-simulation-is-toggled-mobile-safari\test-failed-1.png
    ────────────────────────────────────────────────────────────────────────────────────────────────

    attachment #2: video (video/webm) ──────────────────────────────────────────────────────────────
    ..\playwright\test-results\admin-hero-Admin-Hero-Area-2b86d--when-simulation-is-toggled-mobile-safari\video.webm
    ────────────────────────────────────────────────────────────────────────────────────────────────

    Error Context: ..\playwright\test-results\admin-hero-Admin-Hero-Area-2b86d--when-simulation-is-toggled-mobile-safari\error-context.md

    attachment #4: trace (application/zip) ─────────────────────────────────────────────────────────
    ..\playwright\test-results\admin-hero-Admin-Hero-Area-2b86d--when-simulation-is-toggled-mobile-safari\trace.zip
    Usage:

        pnpm exec playwright show-trace ..\playwright\test-results\admin-hero-Admin-Hero-Area-2b86d--when-simulation-is-toggled-mobile-safari\trace.zip

    ────────────────────────────────────────────────────────────────────────────────────────────────

    Retry #1 ───────────────────────────────────────────────────────────────────────────────────────

    Error: expect(received).toBe(expected) // Object.is equality

    Expected: "Simulated"
    Received: "Live"

      247 |     // Get new state
      248 |     const newValue = (await valueLocator.textContent())?.trim() ?? '';
    > 249 |     expect(newValue).toBe(targetValue);
          |                      ^
      250 |     
      251 |     // Should show simulated metrics when in simulation mode
      252 |     if (newValue.includes('Simulated')) {
        at C:\repos\craft-fusion\apps\craft-web-e2e\src\admin-hero.spec.ts:249:22

    attachment #1: screenshot (image/png) ──────────────────────────────────────────────────────────
    ..\playwright\test-results\admin-hero-Admin-Hero-Area-2b86d--when-simulation-is-toggled-mobile-safari-retry1\test-failed-1.png
    ────────────────────────────────────────────────────────────────────────────────────────────────

    attachment #2: video (video/webm) ──────────────────────────────────────────────────────────────
    ..\playwright\test-results\admin-hero-Admin-Hero-Area-2b86d--when-simulation-is-toggled-mobile-safari-retry1\video.webm
    ────────────────────────────────────────────────────────────────────────────────────────────────

    Error Context: ..\playwright\test-results\admin-hero-Admin-Hero-Area-2b86d--when-simulation-is-toggled-mobile-safari-retry1\error-context.md

    attachment #4: trace (application/zip) ─────────────────────────────────────────────────────────
    ..\playwright\test-results\admin-hero-Admin-Hero-Area-2b86d--when-simulation-is-toggled-mobile-safari-retry1\trace.zip
    Usage:

        pnpm exec playwright show-trace ..\playwright\test-results\admin-hero-Admin-Hero-Area-2b86d--when-simulation-is-toggled-mobile-safari-retry1\trace.zip

    ────────────────────────────────────────────────────────────────────────────────────────────────
]]>
</failure>
<system-out>
<![CDATA[[AUTH] Authenticating with username: admin
[AUTH] Login response status: [33m200[39m
[AUTH] Login successful, cookies set in browser context

[[ATTACHMENT|..\playwright\test-results\admin-hero-Admin-Hero-Area-2b86d--when-simulation-is-toggled-mobile-safari\test-failed-1.png]]

[[ATTACHMENT|..\playwright\test-results\admin-hero-Admin-Hero-Area-2b86d--when-simulation-is-toggled-mobile-safari\video.webm]]

[[ATTACHMENT|..\playwright\test-results\admin-hero-Admin-Hero-Area-2b86d--when-simulation-is-toggled-mobile-safari\error-context.md]]

[[ATTACHMENT|..\playwright\test-results\admin-hero-Admin-Hero-Area-2b86d--when-simulation-is-toggled-mobile-safari\trace.zip]]
[AUTH] Authenticating with username: admin
[AUTH] Login response status: [33m200[39m
[AUTH] Login successful, cookies set in browser context

[[ATTACHMENT|..\playwright\test-results\admin-hero-Admin-Hero-Area-2b86d--when-simulation-is-toggled-mobile-safari-retry1\test-failed-1.png]]

[[ATTACHMENT|..\playwright\test-results\admin-hero-Admin-Hero-Area-2b86d--when-simulation-is-toggled-mobile-safari-retry1\video.webm]]

[[ATTACHMENT|..\playwright\test-results\admin-hero-Admin-Hero-Area-2b86d--when-simulation-is-toggled-mobile-safari-retry1\error-context.md]]

[[ATTACHMENT|..\playwright\test-results\admin-hero-Admin-Hero-Area-2b86d--when-simulation-is-toggled-mobile-safari-retry1\trace.zip]]
]]>
</system-out>
</testcase>
</testsuite>
<testsuite name="admin-hero.spec.ts" timestamp="2026-01-09T16:12:50.467Z" hostname="tablet" tests="15" failures="0" skipped="0" time="125.753" errors="0">
<testcase name="Admin Hero Area › should display all 5 hero KPI tiles" classname="admin-hero.spec.ts" time="6.875">
<system-out>
<![CDATA[[AUTH] Authenticating with username: admin
[AUTH] Login response status: [33m200[39m
[AUTH] Login successful, cookies set in browser context
]]>
</system-out>
</testcase>
<testcase name="Admin Hero Area › should display Active Services tile with correct data" classname="admin-hero.spec.ts" time="6.912">
<system-out>
<![CDATA[[AUTH] Authenticating with username: admin
[AUTH] Login response status: [33m200[39m
[AUTH] Login successful, cookies set in browser context
]]>
</system-out>
</testcase>
<testcase name="Admin Hero Area › should display Success Rate tile with percentage" classname="admin-hero.spec.ts" time="9.69">
<system-out>
<![CDATA[[AUTH] Authenticating with username: admin
[AUTH] Login response status: [33m200[39m
[AUTH] Login successful, cookies set in browser context
]]>
</system-out>
</testcase>
<testcase name="Admin Hero Area › should display Errors tile with count" classname="admin-hero.spec.ts" time="9.946">
<system-out>
<![CDATA[[AUTH] Authenticating with username: admin
[AUTH] Login response status: [33m200[39m
[AUTH] Login successful, cookies set in browser context
]]>
</system-out>
</testcase>
<testcase name="Admin Hero Area › should display Data Mode tile with correct status" classname="admin-hero.spec.ts" time="9.782">
<system-out>
<![CDATA[[AUTH] Authenticating with username: admin
[AUTH] Login response status: [33m200[39m
[AUTH] Login successful, cookies set in browser context
]]>
</system-out>
</testcase>
<testcase name="Admin Hero Area › should display Response Time tile with milliseconds" classname="admin-hero.spec.ts" time="9.962">
<system-out>
<![CDATA[[AUTH] Authenticating with username: admin
[AUTH] Login response status: [33m200[39m
[AUTH] Login successful, cookies set in browser context
]]>
</system-out>
</testcase>
<testcase name="Admin Hero Area › should apply correct status classes" classname="admin-hero.spec.ts" time="10.147">
<system-out>
<![CDATA[[AUTH] Authenticating with username: admin
[AUTH] Login response status: [33m200[39m
[AUTH] Login successful, cookies set in browser context
]]>
</system-out>
</testcase>
<testcase name="Admin Hero Area › should show delta indicators when values change" classname="admin-hero.spec.ts" time="9.738">
<system-out>
<![CDATA[[AUTH] Authenticating with username: admin
[AUTH] Login response status: [33m200[39m
[AUTH] Login successful, cookies set in browser context
]]>
</system-out>
</testcase>
<testcase name="Admin Hero Area › should navigate to Logs tab when clicking Errors tile" classname="admin-hero.spec.ts" time="10.075">
<system-out>
<![CDATA[[AUTH] Authenticating with username: admin
[AUTH] Login response status: [33m200[39m
[AUTH] Login successful, cookies set in browser context
]]>
</system-out>
</testcase>
<testcase name="Admin Hero Area › should remain visible when switching tabs" classname="admin-hero.spec.ts" time="5.951">
<system-out>
<![CDATA[[AUTH] Authenticating with username: admin
[AUTH] Login response status: [33m200[39m
[AUTH] Login successful, cookies set in browser context
]]>
</system-out>
</testcase>
<testcase name="Admin Hero Area › should update metrics periodically" classname="admin-hero.spec.ts" time="10.396">
<system-out>
<![CDATA[[AUTH] Authenticating with username: admin
[AUTH] Login response status: [33m200[39m
[AUTH] Login successful, cookies set in browser context
]]>
</system-out>
</testcase>
<testcase name="Admin Hero Area › should be responsive on mobile viewport" classname="admin-hero.spec.ts" time="6.711">
<system-out>
<![CDATA[[AUTH] Authenticating with username: admin
[AUTH] Login response status: [33m200[39m
[AUTH] Login successful, cookies set in browser context
]]>
</system-out>
</testcase>
<testcase name="Admin Hero Area › should have proper ARIA labels for accessibility" classname="admin-hero.spec.ts" time="6.666">
<system-out>
<![CDATA[[AUTH] Authenticating with username: admin
[AUTH] Login response status: [33m200[39m
[AUTH] Login successful, cookies set in browser context
]]>
</system-out>
</testcase>
<testcase name="Admin Hero Area › should show pulse animation on critical errors" classname="admin-hero.spec.ts" time="6.355">
<system-out>
<![CDATA[[AUTH] Authenticating with username: admin
[AUTH] Login response status: [33m200[39m
[AUTH] Login successful, cookies set in browser context
]]>
</system-out>
</testcase>
<testcase name="Admin Hero Area › should update Data Mode tile when simulation is toggled" classname="admin-hero.spec.ts" time="6.547">
<system-out>
<![CDATA[[AUTH] Authenticating with username: admin
[AUTH] Login response status: [33m200[39m
[AUTH] Login successful, cookies set in browser context
]]>
</system-out>
</testcase>
</testsuite>
</testsuites>