<testsuites id="" name="" tests="6" failures="6" skipped="0" errors="0" time="1.9571">
<testsuite name="example.spec.ts" timestamp="2025-12-30T20:55:56.239Z" hostname="chromium" tests="1" failures="1" skipped="0" time="0.004" errors="0">
<testcase name="has title" classname="example.spec.ts" time="0.004">
<failure message="example.spec.ts:3:5 has title" type="FAILURE">
<![CDATA[  [chromium] › example.spec.ts:3:5 › has title ─────────────────────────────────────────────────────

    Error: Error reading storage state from playwright/.auth/user.json:
    ENOENT: no such file or directory, open 'C:\repos\craft-fusion\playwright\.auth\user.json'

    attachment #1: trace (application/zip) ─────────────────────────────────────────────────────────
    ..\playwright\test-results\example-has-title-chromium\trace.zip
    Usage:

        pnpm exec playwright show-trace ..\playwright\test-results\example-has-title-chromium\trace.zip

    ────────────────────────────────────────────────────────────────────────────────────────────────
]]>
</failure>
<system-out>
<![CDATA[
[[ATTACHMENT|..\playwright\test-results\example-has-title-chromium\trace.zip]]
]]>
</system-out>
</testcase>
</testsuite>
<testsuite name="example.spec.ts" timestamp="2025-12-30T20:55:56.239Z" hostname="firefox" tests="1" failures="1" skipped="0" time="0.004" errors="0">
<testcase name="has title" classname="example.spec.ts" time="0.004">
<failure message="example.spec.ts:3:5 has title" type="FAILURE">
<![CDATA[  [firefox] › example.spec.ts:3:5 › has title ──────────────────────────────────────────────────────

    Error: Error reading storage state from playwright/.auth/user.json:
    ENOENT: no such file or directory, open 'C:\repos\craft-fusion\playwright\.auth\user.json'

    attachment #1: trace (application/zip) ─────────────────────────────────────────────────────────
    ..\playwright\test-results\example-has-title-firefox\trace.zip
    Usage:

        pnpm exec playwright show-trace ..\playwright\test-results\example-has-title-firefox\trace.zip

    ────────────────────────────────────────────────────────────────────────────────────────────────
]]>
</failure>
<system-out>
<![CDATA[
[[ATTACHMENT|..\playwright\test-results\example-has-title-firefox\trace.zip]]
]]>
</system-out>
</testcase>
</testsuite>
<testsuite name="example.spec.ts" timestamp="2025-12-30T20:55:56.239Z" hostname="webkit" tests="1" failures="1" skipped="0" time="0.005" errors="0">
<testcase name="has title" classname="example.spec.ts" time="0.005">
<failure message="example.spec.ts:3:5 has title" type="FAILURE">
<![CDATA[  [webkit] › example.spec.ts:3:5 › has title ───────────────────────────────────────────────────────

    Error: Error reading storage state from playwright/.auth/user.json:
    ENOENT: no such file or directory, open 'C:\repos\craft-fusion\playwright\.auth\user.json'

    attachment #1: trace (application/zip) ─────────────────────────────────────────────────────────
    ..\playwright\test-results\example-has-title-webkit\trace.zip
    Usage:

        pnpm exec playwright show-trace ..\playwright\test-results\example-has-title-webkit\trace.zip

    ────────────────────────────────────────────────────────────────────────────────────────────────
]]>
</failure>
<system-out>
<![CDATA[
[[ATTACHMENT|..\playwright\test-results\example-has-title-webkit\trace.zip]]
]]>
</system-out>
</testcase>
</testsuite>
<testsuite name="example.spec.ts" timestamp="2025-12-30T20:55:56.239Z" hostname="mobile-chrome" tests="1" failures="1" skipped="0" time="0.004" errors="0">
<testcase name="has title" classname="example.spec.ts" time="0.004">
<failure message="example.spec.ts:3:5 has title" type="FAILURE">
<![CDATA[  [mobile-chrome] › example.spec.ts:3:5 › has title ────────────────────────────────────────────────

    Error: Error reading storage state from playwright/.auth/user.json:
    ENOENT: no such file or directory, open 'C:\repos\craft-fusion\playwright\.auth\user.json'

    attachment #1: trace (application/zip) ─────────────────────────────────────────────────────────
    ..\playwright\test-results\example-has-title-mobile-chrome\trace.zip
    Usage:

        pnpm exec playwright show-trace ..\playwright\test-results\example-has-title-mobile-chrome\trace.zip

    ────────────────────────────────────────────────────────────────────────────────────────────────
]]>
</failure>
<system-out>
<![CDATA[
[[ATTACHMENT|..\playwright\test-results\example-has-title-mobile-chrome\trace.zip]]
]]>
</system-out>
</testcase>
</testsuite>
<testsuite name="example.spec.ts" timestamp="2025-12-30T20:55:56.239Z" hostname="mobile-safari" tests="1" failures="1" skipped="0" time="0.004" errors="0">
<testcase name="has title" classname="example.spec.ts" time="0.004">
<failure message="example.spec.ts:3:5 has title" type="FAILURE">
<![CDATA[  [mobile-safari] › example.spec.ts:3:5 › has title ────────────────────────────────────────────────

    Error: Error reading storage state from playwright/.auth/user.json:
    ENOENT: no such file or directory, open 'C:\repos\craft-fusion\playwright\.auth\user.json'

    attachment #1: trace (application/zip) ─────────────────────────────────────────────────────────
    ..\playwright\test-results\example-has-title-mobile-safari\trace.zip
    Usage:

        pnpm exec playwright show-trace ..\playwright\test-results\example-has-title-mobile-safari\trace.zip

    ────────────────────────────────────────────────────────────────────────────────────────────────
]]>
</failure>
<system-out>
<![CDATA[
[[ATTACHMENT|..\playwright\test-results\example-has-title-mobile-safari\trace.zip]]
]]>
</system-out>
</testcase>
</testsuite>
<testsuite name="example.spec.ts" timestamp="2025-12-30T20:55:56.239Z" hostname="tablet" tests="1" failures="1" skipped="0" time="0.006" errors="0">
<testcase name="has title" classname="example.spec.ts" time="0.006">
<failure message="example.spec.ts:3:5 has title" type="FAILURE">
<![CDATA[  [tablet] › example.spec.ts:3:5 › has title ───────────────────────────────────────────────────────

    Error: Error reading storage state from playwright/.auth/user.json:
    ENOENT: no such file or directory, open 'C:\repos\craft-fusion\playwright\.auth\user.json'

    attachment #1: trace (application/zip) ─────────────────────────────────────────────────────────
    ..\playwright\test-results\example-has-title-tablet\trace.zip
    Usage:

        pnpm exec playwright show-trace ..\playwright\test-results\example-has-title-tablet\trace.zip

    ────────────────────────────────────────────────────────────────────────────────────────────────
]]>
</failure>
<system-out>
<![CDATA[
[[ATTACHMENT|..\playwright\test-results\example-has-title-tablet\trace.zip]]
]]>
</system-out>
</testcase>
</testsuite>
</testsuites>